#
# A fatal error has been detected by the Java Runtime Environment:
#
#  SIGSEGV (0xb) at pc=0x00002b24644b46e9, pid=10808, tid=0x00002b2370417700
#
# JRE version: Java(TM) SE Runtime Environment (8.0_201-b09) (build 1.8.0_201-b09)
# Java VM: Java HotSpot(TM) 64-Bit Server VM (25.201-b09 mixed mode linux-amd64 compressed oops)
# Problematic frame:
# C  [libgdk-x11-2.0.so.0+0x6e6e9]  gdk_window_enable_synchronized_configure+0x9
#
# Failed to write core dump. Core dumps have been disabled. To enable core dumping, try "ulimit -c unlimited" before starting Java again
#
# If you would like to submit a bug report, please visit:
#   http://bugreport.java.com/bugreport/crash.jsp
# The crash happened outside the Java Virtual Machine in native code.
# See problematic frame for where to report the bug.
#

---------------  T H R E A D  ---------------

Current thread (0x00002b237400a800):  JavaThread "main" [_thread_in_native, id=10809, stack(0x00002b2370317000,0x00002b2370418000)]

siginfo: si_signo: 11 (SIGSEGV), si_code: 1 (SEGV_MAPERR), si_addr: 0x0000000000000018

Registers:
RAX=0x0000000000000000, RBX=0x00002b2374434090, RCX=0x00002b2374440880, RDX=0x00002b2374000040
RSP=0x00002b2370415fe0, RBP=0x0000000000000000, RSI=0x00000000ffffffff, RDI=0x0000000000000000
R8 =0x0000000000000000, R9 =0x00002b2374440700, R10=0x00002b2370415dc0, R11=0x00002b24644b46e0
R12=0x00002b2370416010, R13=0x0000000000000000, R14=0x0000000000000260, R15=0x0000000000000000
RIP=0x00002b24644b46e9, EFLAGS=0x0000000000010202, CSGSFS=0x0000000000000033, ERR=0x0000000000000004
  TRAPNO=0x000000000000000e

Top of Stack: (sp=0x00002b2370415fe0)
0x00002b2370415fe0:   00002b2374440700 00002b2374434090
0x00002b2370415ff0:   00002b2374434070 00002b24694ce8ee
0x00002b2370416000:   4c41434954495243 00002b2370416320
0x00002b2370416010:   0000000000000000 00002b240000fc02
0x00002b2370416020:   0000020d00000008 000000000000011f
0x00002b2370416030:   0000000000000000 0000000000000000
0x00002b2370416040:   00002b2300000001 00002b2370416260
0x00002b2370416050:   00002b2374432990 00002b23744329b0
0x00002b2370416060:   00000000744218b0 00002b241ba455e7
0x00002b2370416070:   00002b241ba43b30 0000000000000000
0x00002b2370416080:   00002b2374423ff0 00002b2370416278
0x00002b2370416090:   0000000000000000 00002b241ba455e7
0x00002b23704160a0:   0000000000000000 0000000000000000
0x00002b23704160b0:   00002b2374434090 00000000000000e0
0x00002b23704160c0:   00002b2340000002 00002b241bcbe559
0x00002b23704160d0:   00002b23744218b0 00002b2374434090
0x00002b23704160e0:   0000000000000000 00002b2374423ff0
0x00002b23704160f0:   00002b2370416260 0000000000000000
0x00002b2370416100:   00002b23704161b0 00002b23744213f0
0x00002b2370416110:   0000000000000000 00002b241ba5e088
0x00002b2370416120:   00002b2374434090 00002b230000000b
0x00002b2370416130:   0000000000000000 0000000000000004
0x00002b2370416140:   00002b2370416278 0000000000000000
0x00002b2370416150:   00002b2374434090 00002b2300000008
0x00002b2370416160:   0000000000000000 0000000000000004
0x00002b2370416170:   0000000000000000 0000000000000000
0x00002b2370416180:   0000000000000000 00002b2374434090
0x00002b2370416190:   0000000000000000 0000000000000000
0x00002b23704161a0:   0000000000000000 0000000000000000
0x00002b23704161b0:   00002b2370416510 00002b2374434090
0x00002b23704161c0:   0000000000000008 0000000100000001
0x00002b23704161d0:   00002b2374423c00 00002b23702e55a5 

Instructions: (pc=0x00002b24644b46e9)
0x00002b24644b46c9:   00 00 00 5b 5d 41 5c e9 7b 9d ff ff 66 66 2e 0f
0x00002b24644b46d9:   1f 84 00 00 00 00 00 55 48 89 fd 53 48 83 ec 08
0x00002b24644b46e9:   48 8b 5f 18 e8 ee a0 ff ff 48 85 db 74 22 48 8b
0x00002b24644b46f9:   13 48 85 d2 74 05 48 39 02 74 0f 48 89 c6 48 89 

Register to memory mapping:

RAX=0x0000000000000000 is an unknown value
RBX=0x00002b2374434090 is an unknown value
RCX=0x00002b2374440880 is an unknown value
RDX=0x00002b2374000040 is an unknown value
RSP=0x00002b2370415fe0 is pointing into the stack for thread: 0x00002b237400a800
RBP=0x0000000000000000 is an unknown value
RSI=0x00000000ffffffff is an unallocated location in the heap
RDI=0x0000000000000000 is an unknown value
R8 =0x0000000000000000 is an unknown value
R9 =0x00002b2374440700 is an unknown value
R10=0x00002b2370415dc0 is pointing into the stack for thread: 0x00002b237400a800
R11=0x00002b24644b46e0: gdk_window_enable_synchronized_configure+0 in /usr/lib/x86_64-linux-gnu/libgdk-x11-2.0.so.0 at 0x00002b2464446000
R12=0x00002b2370416010 is pointing into the stack for thread: 0x00002b237400a800
R13=0x0000000000000000 is an unknown value
R14=0x0000000000000260 is an unknown value
R15=0x0000000000000000 is an unknown value


Stack: [0x00002b2370317000,0x00002b2370418000],  sp=0x00002b2370415fe0,  free space=1019k
Native frames: (J=compiled Java code, j=interpreted, Vv=VM code, C=native code)
C  [libgdk-x11-2.0.so.0+0x6e6e9]  gdk_window_enable_synchronized_configure+0x9

Java frames: (J=compiled Java code, j=interpreted, Vv=VM code)
j  org.eclipse.equinox.launcher.JNIBridge._show_splash(Ljava/lang/String;)V+0
j  org.eclipse.equinox.launcher.JNIBridge.showSplash(Ljava/lang/String;)Z+2
j  org.eclipse.equinox.launcher.Main.handleSplash([Ljava/net/URL;)V+157
j  org.eclipse.equinox.launcher.Main.basicRun([Ljava/lang/String;)V+116
j  org.eclipse.equinox.launcher.Main.run([Ljava/lang/String;)I+4
j  org.eclipse.equinox.launcher.Main.main([Ljava/lang/String;)V+10
v  ~StubRoutines::call_stub

---------------  P R O C E S S  ---------------

Java Threads: ( => current thread )
  0x00002b2374380800 JavaThread "Service Thread" daemon [_thread_blocked, id=10844, stack(0x00002b241b723000,0x00002b241b824000)]
  0x00002b237437d800 JavaThread "C1 CompilerThread11" daemon [_thread_blocked, id=10843, stack(0x00002b241b622000,0x00002b241b723000)]
  0x00002b237437b000 JavaThread "C1 CompilerThread10" daemon [_thread_blocked, id=10842, stack(0x00002b241b521000,0x00002b241b622000)]
  0x00002b2374379000 JavaThread "C1 CompilerThread9" daemon [_thread_blocked, id=10841, stack(0x00002b241b420000,0x00002b241b521000)]
  0x00002b2374377000 JavaThread "C1 CompilerThread8" daemon [_thread_blocked, id=10840, stack(0x00002b241b31f000,0x00002b241b420000)]
  0x00002b2374375000 JavaThread "C2 CompilerThread7" daemon [_thread_blocked, id=10839, stack(0x00002b241b21e000,0x00002b241b31f000)]
  0x00002b2374372800 JavaThread "C2 CompilerThread6" daemon [_thread_blocked, id=10838, stack(0x00002b241b11d000,0x00002b241b21e000)]
  0x00002b2374370800 JavaThread "C2 CompilerThread5" daemon [_thread_blocked, id=10837, stack(0x00002b241b01c000,0x00002b241b11d000)]
  0x00002b2374366800 JavaThread "C2 CompilerThread4" daemon [_thread_blocked, id=10836, stack(0x00002b241af1b000,0x00002b241b01c000)]
  0x00002b2374364000 JavaThread "C2 CompilerThread3" daemon [_thread_blocked, id=10835, stack(0x00002b241ae1a000,0x00002b241af1b000)]
  0x00002b2374362000 JavaThread "C2 CompilerThread2" daemon [_thread_blocked, id=10834, stack(0x00002b241ad19000,0x00002b241ae1a000)]
  0x00002b2374360000 JavaThread "C2 CompilerThread1" daemon [_thread_blocked, id=10833, stack(0x00002b241ac18000,0x00002b241ad19000)]
  0x00002b237435d800 JavaThread "C2 CompilerThread0" daemon [_thread_blocked, id=10832, stack(0x00002b241ab17000,0x00002b241ac18000)]
  0x00002b237435c000 JavaThread "Signal Dispatcher" daemon [_thread_blocked, id=10831, stack(0x00002b241aa16000,0x00002b241ab17000)]
  0x00002b2374328800 JavaThread "Finalizer" daemon [_thread_blocked, id=10830, stack(0x00002b241a212000,0x00002b241a313000)]
  0x00002b2374326000 JavaThread "Reference Handler" daemon [_thread_blocked, id=10829, stack(0x00002b241a111000,0x00002b241a212000)]
=>0x00002b237400a800 JavaThread "main" [_thread_in_native, id=10809, stack(0x00002b2370317000,0x00002b2370418000)]

Other Threads:
  0x00002b237431c800 VMThread [stack: 0x00002b241a010000,0x00002b241a111000] [id=10828]
  0x00002b2374383000 WatcherThread [stack: 0x00002b241b824000,0x00002b241b925000] [id=10845]

VM state:not at safepoint (normal execution)

VM Mutex/Monitor currently owned by a thread: None

heap address: 0x0000000080200000, size: 30718 MB, Compressed Oops mode: Zero based, Oop shift amount: 3
Narrow klass base: 0x0000000800000000, Narrow klass shift: 0
Compressed class space size: 1073741824 Address: 0x0000000800000000

Heap:
 PSYoungGen      total 611840K, used 41984K [0x0000000580100000, 0x00000005aab80000, 0x0000000800000000)
  eden space 524800K, 8% used [0x0000000580100000,0x0000000582a00058,0x00000005a0180000)
  from space 87040K, 0% used [0x00000005a5680000,0x00000005a5680000,0x00000005aab80000)
  to   space 87040K, 0% used [0x00000005a0180000,0x00000005a0180000,0x00000005a5680000)
 ParOldGen       total 1398272K, used 0K [0x0000000080200000, 0x00000000d5780000, 0x0000000580100000)
  object space 1398272K, 0% used [0x0000000080200000,0x0000000080200000,0x00000000d5780000)
 Metaspace       used 4555K, capacity 4722K, committed 4864K, reserved 1056768K
  class space    used 485K, capacity 494K, committed 512K, reserved 1048576K

Card table byte_map: [0x00002b2387000000,0x00002b238ac00000] byte_map_base: 0x00002b2386bff000

Marking Bits: (ParMarkBitMap*) 0x00002b2371ec2d80
 Begin Bits: [0x00002b23dc000000, 0x00002b23f9ff8000)
 End Bits:   [0x00002b23f9ff8000, 0x00002b2417ff0000)

Polling page: 0x00002b23702f3000

CodeCache: size=245760Kb used=3128Kb max_used=3142Kb free=242631Kb
 bounds [0x00002b2378000000, 0x00002b2378320000, 0x00002b2387000000]
 total_blobs=444 nmethods=170 adapters=185
 compilation: enabled

Compilation events (10 events):
Event: 0.149 Thread 0x00002b2374379000 nmethod 166 0x00002b237830a210 code [0x00002b237830a420, 0x00002b237830afa8]
Event: 0.151 Thread 0x00002b237437d800  167       3       java.lang.String::<init> (10 bytes)
Event: 0.151 Thread 0x00002b237437d800 nmethod 167 0x00002b237830bc90 code [0x00002b237830be00, 0x00002b237830bfd0]
Event: 0.151 Thread 0x00002b237437d800  168  s    3       java.lang.StringBuffer::toString (36 bytes)
Event: 0.151 Thread 0x00002b237437d800 nmethod 168 0x00002b237830c090 code [0x00002b237830c220, 0x00002b237830c708]
Event: 0.151 Thread 0x00002b2374377000  169       3       java.io.UnixFileSystem::normalize (75 bytes)
Event: 0.152 Thread 0x00002b2374377000 nmethod 169 0x00002b237830ff90 code [0x00002b2378310160, 0x00002b23783107c8]
Event: 0.152 Thread 0x00002b2374377000  170       1       java.lang.Class::getClassLoader0 (5 bytes)
Event: 0.152 Thread 0x00002b2374377000 nmethod 170 0x00002b2378310ad0 code [0x00002b2378310c20, 0x00002b2378310d30]
Event: 0.152 Thread 0x00002b2374360000 nmethod 150% 0x00002b2378310d90 code [0x00002b2378310f00, 0x00002b2378311a38]

GC Heap History (0 events):
No events

Deoptimization events (1 events):
Event: 0.135 Thread 0x00002b237400a800 Uncommon trap: reason=unstable_if action=reinterpret pc=0x00002b23782ed0ac method=java.lang.String.hashCode()I @ 14

Classes redefined (0 events):
No events

Internal exceptions (6 events):
Event: 0.034 Thread 0x00002b237400a800 Exception <a 'java/lang/NoSuchMethodError': Method sun.misc.Unsafe.defineClass(Ljava/lang/String;[BII)Ljava/lang/Class; name or signature does not match> (0x0000000580107cb0) thrown at [/HUDSON/workspace/8-2-build-linux-amd64/jdk8u201/12317/hotspot/src/sh
Event: 0.034 Thread 0x00002b237400a800 Exception <a 'java/lang/NoSuchMethodError': Method sun.misc.Unsafe.prefetchRead(Ljava/lang/Object;J)V name or signature does not match> (0x0000000580107f98) thrown at [/HUDSON/workspace/8-2-build-linux-amd64/jdk8u201/12317/hotspot/src/share/vm/prims/jni.c
Event: 0.146 Thread 0x00002b237400a800 Exception <a 'java/io/FileNotFoundException'> (0x00000005802b83c0) thrown at [/HUDSON/workspace/8-2-build-linux-amd64/jdk8u201/12317/hotspot/src/share/vm/prims/jni.cpp, line 709]
Event: 0.146 Thread 0x00002b237400a800 Exception <a 'java/io/FileNotFoundException'> (0x00000005802b9120) thrown at [/HUDSON/workspace/8-2-build-linux-amd64/jdk8u201/12317/hotspot/src/share/vm/prims/jni.cpp, line 709]
Event: 0.146 Thread 0x00002b237400a800 Exception <a 'java/io/FileNotFoundException'> (0x00000005802b9e40) thrown at [/HUDSON/workspace/8-2-build-linux-amd64/jdk8u201/12317/hotspot/src/share/vm/prims/jni.cpp, line 709]
Event: 0.152 Thread 0x00002b237400a800 Exception <a 'java/lang/UnsatisfiedLinkError': org.eclipse.equinox.launcher.JNIBridge._set_launcher_info(Ljava/lang/String;Ljava/lang/String;)V> (0x00000005802eaaf0) thrown at [/HUDSON/workspace/8-2-build-linux-amd64/jdk8u201/12317/hotspot/src/share/vm/pr

Events (10 events):
Event: 0.150 loading class java/lang/ApplicationShutdownHooks
Event: 0.150 loading class java/lang/ApplicationShutdownHooks done
Event: 0.150 loading class java/lang/ApplicationShutdownHooks$1
Event: 0.150 loading class java/lang/ApplicationShutdownHooks$1 done
Event: 0.150 loading class java/lang/Shutdown
Event: 0.150 loading class java/lang/Shutdown done
Event: 0.150 loading class java/lang/Shutdown$Lock
Event: 0.150 loading class java/lang/Shutdown$Lock done
Event: 0.150 loading class java/util/IdentityHashMap
Event: 0.150 loading class java/util/IdentityHashMap done


Dynamic libraries:
00400000-00401000 r-xp 00000000 fc:00 28721447                           /usr/lib/jvm/java-8-oracle/jre/bin/java
00600000-00601000 r--p 00000000 fc:00 28721447                           /usr/lib/jvm/java-8-oracle/jre/bin/java
00601000-00602000 rw-p 00001000 fc:00 28721447                           /usr/lib/jvm/java-8-oracle/jre/bin/java
02187000-021a8000 rw-p 00000000 00:00 0                                  [heap]
80200000-d5780000 rw-p 00000000 00:00 0 
d5780000-580100000 ---p 00000000 00:00 0 
580100000-5aab80000 rw-p 00000000 00:00 0 
5aab80000-800000000 ---p 00000000 00:00 0 
800000000-800080000 rw-p 00000000 00:00 0 
800080000-840000000 ---p 00000000 00:00 0 
2b23702cf000-2b23702f2000 r-xp 00000000 fc:00 20447629                   /lib/x86_64-linux-gnu/ld-2.19.so
2b23702f2000-2b23702f3000 rw-p 00000000 00:00 0 
2b23702f3000-2b23702f4000 r--p 00000000 00:00 0 
2b23702f4000-2b23702f5000 rw-p 00000000 00:00 0 
2b23702f5000-2b23702fd000 rw-s 00000000 fc:00 526672                     /tmp/hsperfdata_knapp/10808
2b23702fd000-2b23702fe000 r--s 0000b000 fc:00 4855762                    /opt/intel/composer_xe_2013_sp1.3.174/debugger/gui/intel64/plugins/org.eclipse.equinox.launcher_1.2.0.v20110502.jar
2b23702fe000-2b2370302000 r--s 000a1000 fc:00 28721726                   /usr/lib/jvm/java-8-oracle/jre/lib/jsse.jar
2b2370302000-2b2370305000 r--s 0001a000 fc:00 28721727                   /usr/lib/jvm/java-8-oracle/jre/lib/jce.jar
2b2370305000-2b2370307000 r--s 0001f000 fc:00 4855768                    /opt/intel/composer_xe_2013_sp1.3.174/debugger/gui/intel64/plugins/com.intel.debugger.ui.rcp_1.0.0.jar
2b2370313000-2b2370317000 rw-p 00000000 00:00 0 
2b2370317000-2b237031a000 ---p 00000000 00:00 0 
2b237031a000-2b23704e9000 rw-p 00000000 00:00 0                          [stack:10809]
2b23704f1000-2b23704f2000 r--p 00022000 fc:00 20447629                   /lib/x86_64-linux-gnu/ld-2.19.so
2b23704f2000-2b23704f3000 rw-p 00023000 fc:00 20447629                   /lib/x86_64-linux-gnu/ld-2.19.so
2b23704f3000-2b23704f4000 rw-p 00000000 00:00 0 
2b23704f4000-2b237050d000 r-xp 00000000 fc:00 20447584                   /lib/x86_64-linux-gnu/libpthread-2.19.so
2b237050d000-2b237070c000 ---p 00019000 fc:00 20447584                   /lib/x86_64-linux-gnu/libpthread-2.19.so
2b237070c000-2b237070d000 r--p 00018000 fc:00 20447584                   /lib/x86_64-linux-gnu/libpthread-2.19.so
2b237070d000-2b237070e000 rw-p 00019000 fc:00 20447584                   /lib/x86_64-linux-gnu/libpthread-2.19.so
2b237070e000-2b2370712000 rw-p 00000000 00:00 0 
2b2370712000-2b2370729000 r-xp 00000000 fc:00 28721536                   /usr/lib/jvm/java-8-oracle/jre/lib/amd64/jli/libjli.so
2b2370729000-2b2370928000 ---p 00017000 fc:00 28721536                   /usr/lib/jvm/java-8-oracle/jre/lib/amd64/jli/libjli.so
2b2370928000-2b2370929000 r--p 00016000 fc:00 28721536                   /usr/lib/jvm/java-8-oracle/jre/lib/amd64/jli/libjli.so
2b2370929000-2b237092a000 rw-p 00017000 fc:00 28721536                   /usr/lib/jvm/java-8-oracle/jre/lib/amd64/jli/libjli.so
2b237092a000-2b237092d000 r-xp 00000000 fc:00 20447623                   /lib/x86_64-linux-gnu/libdl-2.19.so
2b237092d000-2b2370b2c000 ---p 00003000 fc:00 20447623                   /lib/x86_64-linux-gnu/libdl-2.19.so
2b2370b2c000-2b2370b2d000 r--p 00002000 fc:00 20447623                   /lib/x86_64-linux-gnu/libdl-2.19.so
2b2370b2d000-2b2370b2e000 rw-p 00003000 fc:00 20447623                   /lib/x86_64-linux-gnu/libdl-2.19.so
2b2370b2e000-2b2370cec000 r-xp 00000000 fc:00 20447632                   /lib/x86_64-linux-gnu/libc-2.19.so
2b2370cec000-2b2370eec000 ---p 001be000 fc:00 20447632                   /lib/x86_64-linux-gnu/libc-2.19.so
2b2370eec000-2b2370ef0000 r--p 001be000 fc:00 20447632                   /lib/x86_64-linux-gnu/libc-2.19.so
2b2370ef0000-2b2370ef2000 rw-p 001c2000 fc:00 20447632                   /lib/x86_64-linux-gnu/libc-2.19.so
2b2370ef2000-2b2370ef7000 rw-p 00000000 00:00 0 
2b2370ef7000-2b2371bdf000 r-xp 00000000 fc:00 28721520                   /usr/lib/jvm/java-8-oracle/jre/lib/amd64/server/libjvm.so
2b2371bdf000-2b2371dde000 ---p 00ce8000 fc:00 28721520                   /usr/lib/jvm/java-8-oracle/jre/lib/amd64/server/libjvm.so
2b2371dde000-2b2371e74000 r--p 00ce7000 fc:00 28721520                   /usr/lib/jvm/java-8-oracle/jre/lib/amd64/server/libjvm.so
2b2371e74000-2b2371ea5000 rw-p 00d7d000 fc:00 28721520                   /usr/lib/jvm/java-8-oracle/jre/lib/amd64/server/libjvm.so
2b2371ea5000-2b2371ee0000 rw-p 00000000 00:00 0 
2b2371ee0000-2b2371fe5000 r-xp 00000000 fc:00 20447613                   /lib/x86_64-linux-gnu/libm-2.19.so
2b2371fe5000-2b23721e4000 ---p 00105000 fc:00 20447613                   /lib/x86_64-linux-gnu/libm-2.19.so
2b23721e4000-2b23721e5000 r--p 00104000 fc:00 20447613                   /lib/x86_64-linux-gnu/libm-2.19.so
2b23721e5000-2b23721e6000 rw-p 00105000 fc:00 20447613                   /lib/x86_64-linux-gnu/libm-2.19.so
2b23721e6000-2b23721ed000 r-xp 00000000 fc:00 20447634                   /lib/x86_64-linux-gnu/librt-2.19.so
2b23721ed000-2b23723ec000 ---p 00007000 fc:00 20447634                   /lib/x86_64-linux-gnu/librt-2.19.so
2b23723ec000-2b23723ed000 r--p 00006000 fc:00 20447634                   /lib/x86_64-linux-gnu/librt-2.19.so
2b23723ed000-2b23723ee000 rw-p 00007000 fc:00 20447634                   /lib/x86_64-linux-gnu/librt-2.19.so
2b23723ee000-2b23723fb000 r-xp 00000000 fc:00 28721548                   /usr/lib/jvm/java-8-oracle/jre/lib/amd64/libverify.so
2b23723fb000-2b23725fa000 ---p 0000d000 fc:00 28721548                   /usr/lib/jvm/java-8-oracle/jre/lib/amd64/libverify.so
2b23725fa000-2b23725fc000 r--p 0000c000 fc:00 28721548                   /usr/lib/jvm/java-8-oracle/jre/lib/amd64/libverify.so
2b23725fc000-2b23725fd000 rw-p 0000e000 fc:00 28721548                   /usr/lib/jvm/java-8-oracle/jre/lib/amd64/libverify.so
2b23725fd000-2b2372629000 r-xp 00000000 fc:00 28721515                   /usr/lib/jvm/java-8-oracle/jre/lib/amd64/libjava.so
2b2372629000-2b2372829000 ---p 0002c000 fc:00 28721515                   /usr/lib/jvm/java-8-oracle/jre/lib/amd64/libjava.so
2b2372829000-2b237282a000 r--p 0002c000 fc:00 28721515                   /usr/lib/jvm/java-8-oracle/jre/lib/amd64/libjava.so
2b237282a000-2b237282c000 rw-p 0002d000 fc:00 28721515                   /usr/lib/jvm/java-8-oracle/jre/lib/amd64/libjava.so
2b237282c000-2b2372835000 r-xp 00000000 fc:00 20447636                   /lib/x86_64-linux-gnu/libnss_compat-2.19.so
2b2372835000-2b2372a34000 ---p 00009000 fc:00 20447636                   /lib/x86_64-linux-gnu/libnss_compat-2.19.so
2b2372a34000-2b2372a35000 r--p 00008000 fc:00 20447636                   /lib/x86_64-linux-gnu/libnss_compat-2.19.so
2b2372a35000-2b2372a36000 rw-p 00009000 fc:00 20447636                   /lib/x86_64-linux-gnu/libnss_compat-2.19.so
2b2372a36000-2b2372a4d000 r-xp 00000000 fc:00 20447637                   /lib/x86_64-linux-gnu/libnsl-2.19.so
2b2372a4d000-2b2372c4c000 ---p 00017000 fc:00 20447637                   /lib/x86_64-linux-gnu/libnsl-2.19.so
2b2372c4c000-2b2372c4d000 r--p 00016000 fc:00 20447637                   /lib/x86_64-linux-gnu/libnsl-2.19.so
2b2372c4d000-2b2372c4e000 rw-p 00017000 fc:00 20447637                   /lib/x86_64-linux-gnu/libnsl-2.19.so
2b2372c4e000-2b2372c50000 rw-p 00000000 00:00 0 
2b2372c50000-2b2372c5b000 r-xp 00000000 fc:00 20447621                   /lib/x86_64-linux-gnu/libnss_nis-2.19.so
2b2372c5b000-2b2372e5a000 ---p 0000b000 fc:00 20447621                   /lib/x86_64-linux-gnu/libnss_nis-2.19.so
2b2372e5a000-2b2372e5b000 r--p 0000a000 fc:00 20447621                   /lib/x86_64-linux-gnu/libnss_nis-2.19.so
2b2372e5b000-2b2372e5c000 rw-p 0000b000 fc:00 20447621                   /lib/x86_64-linux-gnu/libnss_nis-2.19.so
2b2372e5c000-2b2372e66000 r-xp 00000000 fc:00 20447633                   /lib/x86_64-linux-gnu/libnss_files-2.19.so
2b2372e66000-2b2373065000 ---p 0000a000 fc:00 20447633                   /lib/x86_64-linux-gnu/libnss_files-2.19.so
2b2373065000-2b2373066000 r--p 00009000 fc:00 20447633                   /lib/x86_64-linux-gnu/libnss_files-2.19.so
2b2373066000-2b2373067000 rw-p 0000a000 fc:00 20447633                   /lib/x86_64-linux-gnu/libnss_files-2.19.so
2b2373067000-2b2373082000 r-xp 00000000 fc:00 28721547                   /usr/lib/jvm/java-8-oracle/jre/lib/amd64/libzip.so
2b2373082000-2b2373281000 ---p 0001b000 fc:00 28721547                   /usr/lib/jvm/java-8-oracle/jre/lib/amd64/libzip.so
2b2373281000-2b2373282000 r--p 0001a000 fc:00 28721547                   /usr/lib/jvm/java-8-oracle/jre/lib/amd64/libzip.so
2b2373282000-2b2373283000 rw-p 0001b000 fc:00 28721547                   /usr/lib/jvm/java-8-oracle/jre/lib/amd64/libzip.so
2b2373283000-2b2373290000 rw-p 00000000 00:00 0 
2b2373290000-2b2373643000 ---p 00000000 00:00 0 
2b2373643000-2b2373644000 ---p 00000000 00:00 0 
2b2373644000-2b2373744000 rw-p 00000000 00:00 0                          [stack:10810]
2b2373744000-2b2373745000 ---p 00000000 00:00 0 
2b2373745000-2b2373845000 rw-p 00000000 00:00 0                          [stack:10811]
2b2373845000-2b2373846000 ---p 00000000 00:00 0 
2b2373846000-2b2373946000 rw-p 00000000 00:00 0                          [stack:10812]
2b2373946000-2b2373947000 ---p 00000000 00:00 0 
2b2373947000-2b2373a47000 rw-p 00000000 00:00 0                          [stack:10813]
2b2373a47000-2b2373a48000 ---p 00000000 00:00 0 
2b2373a48000-2b2373b48000 rw-p 00000000 00:00 0                          [stack:10814]
2b2373b48000-2b2373b49000 ---p 00000000 00:00 0 
2b2373b49000-2b2373c49000 rw-p 00000000 00:00 0                          [stack:10815]
2b2373c49000-2b2373c4a000 ---p 00000000 00:00 0 
2b2373c4a000-2b2373d4a000 rw-p 00000000 00:00 0                          [stack:10816]
2b2373d4a000-2b2373d4b000 ---p 00000000 00:00 0 
2b2373d4b000-2b2373e4b000 rw-p 00000000 00:00 0                          [stack:10817]
2b2373e4b000-2b2373e4c000 ---p 00000000 00:00 0 
2b2373e4c000-2b2373f9b000 rw-p 00000000 00:00 0                          [stack:10818]
2b2373f9b000-2b2373fbc000 r--s 00000000 fc:00 28967505                   /usr/share/mime/mime.cache
2b2374000000-2b237448e000 rw-p 00000000 00:00 0 
2b237448e000-2b2378000000 ---p 00000000 00:00 0 
2b2378000000-2b2378320000 rwxp 00000000 00:00 0 
2b2378320000-2b2387000000 ---p 00000000 00:00 0 
2b2387000000-2b23872ab000 rw-p 00000000 00:00 0 
2b23872ab000-2b23897ff000 ---p 00000000 00:00 0 
2b23897ff000-2b2389955000 rw-p 00000000 00:00 0 
2b2389955000-2b238abff000 ---p 00000000 00:00 0 
2b238abff000-2b238aeab000 rw-p 00000000 00:00 0 
2b238aeab000-2b238d400000 ---p 00000000 00:00 0 
2b238d400000-2b238d401000 ---p 00000000 00:00 0 
2b238d401000-2b238d501000 rw-p 00000000 00:00 0                          [stack:10819]
2b238d501000-2b238d502000 ---p 00000000 00:00 0 
2b238d502000-2b238d602000 rw-p 00000000 00:00 0                          [stack:10820]
2b238d602000-2b238d603000 ---p 00000000 00:00 0 
2b238d603000-2b238d703000 rw-p 00000000 00:00 0                          [stack:10821]
2b238d703000-2b238d704000 ---p 00000000 00:00 0 
2b238d704000-2b238d804000 rw-p 00000000 00:00 0                          [stack:10822]
2b238d804000-2b238d805000 ---p 00000000 00:00 0 
2b238d805000-2b238d905000 rw-p 00000000 00:00 0                          [stack:10823]
2b238d905000-2b238d906000 ---p 00000000 00:00 0 
2b238d906000-2b238da06000 rw-p 00000000 00:00 0                          [stack:10824]
2b238da06000-2b238da07000 ---p 00000000 00:00 0 
2b238da07000-2b238db07000 rw-p 00000000 00:00 0                          [stack:10825]
2b238db07000-2b238db08000 ---p 00000000 00:00 0 
2b238db08000-2b238dc08000 rw-p 00000000 00:00 0                          [stack:10826]
2b238dc08000-2b238dc09000 ---p 00000000 00:00 0 
2b238dc09000-2b238e3a1000 rw-p 00000000 00:00 0                          [stack:10827]
2b238e3a1000-2b238e761000 ---p 00000000 00:00 0 
2b238e761000-2b238e93b000 r--s 03d6f000 fc:00 28721651                   /usr/lib/jvm/java-8-oracle/jre/lib/rt.jar
2b238e93b000-2b238ffc0000 rw-p 00000000 00:00 0 
2b2390000000-2b2390021000 rw-p 00000000 00:00 0 
2b2390021000-2b2394000000 ---p 00000000 00:00 0 
2b2394000000-2b2394021000 rw-p 00000000 00:00 0 
2b2394021000-2b2398000000 ---p 00000000 00:00 0 
2b2398000000-2b2398021000 rw-p 00000000 00:00 0 
2b2398021000-2b239c000000 ---p 00000000 00:00 0 
2b239c000000-2b239c021000 rw-p 00000000 00:00 0 
2b239c021000-2b23a0000000 ---p 00000000 00:00 0 
2b23a0000000-2b23a0021000 rw-p 00000000 00:00 0 
2b23a0021000-2b23a4000000 ---p 00000000 00:00 0 
2b23a4000000-2b23a4021000 rw-p 00000000 00:00 0 
2b23a4021000-2b23a8000000 ---p 00000000 00:00 0 
2b23a8000000-2b23a8021000 rw-p 00000000 00:00 0 
2b23a8021000-2b23ac000000 ---p 00000000 00:00 0 
2b23ac000000-2b23ac021000 rw-p 00000000 00:00 0 
2b23ac021000-2b23b0000000 ---p 00000000 00:00 0 
2b23b0000000-2b23b0021000 rw-p 00000000 00:00 0 
2b23b0021000-2b23b4000000 ---p 00000000 00:00 0 
2b23b4000000-2b23b4021000 rw-p 00000000 00:00 0 
2b23b4021000-2b23b8000000 ---p 00000000 00:00 0 
2b23b8000000-2b23b8021000 rw-p 00000000 00:00 0 
2b23b8021000-2b23bc000000 ---p 00000000 00:00 0 
2b23bc000000-2b23bc021000 rw-p 00000000 00:00 0 
2b23bc021000-2b23c0000000 ---p 00000000 00:00 0 
2b23c0000000-2b23c0021000 rw-p 00000000 00:00 0 
2b23c0021000-2b23c4000000 ---p 00000000 00:00 0 
2b23c4000000-2b23c4021000 rw-p 00000000 00:00 0 
2b23c4021000-2b23c8000000 ---p 00000000 00:00 0 
2b23c8000000-2b23c8021000 rw-p 00000000 00:00 0 
2b23c8021000-2b23cc000000 ---p 00000000 00:00 0 
2b23cc000000-2b23cc021000 rw-p 00000000 00:00 0 
2b23cc021000-2b23d0000000 ---p 00000000 00:00 0 
2b23d0000000-2b23d0021000 rw-p 00000000 00:00 0 
2b23d0021000-2b23d4000000 ---p 00000000 00:00 0 
2b23d4000000-2b23d7f02000 rw-p 00000000 00:00 0 
2b23d8000000-2b23d8021000 rw-p 00000000 00:00 0 
2b23d8021000-2b23dc000000 ---p 00000000 00:00 0 
2b23dc000000-2b241a010000 rw-p 00000000 00:00 0 
2b241a010000-2b241a011000 ---p 00000000 00:00 0 
2b241a011000-2b241a111000 rw-p 00000000 00:00 0                          [stack:10828]
2b241a111000-2b241a114000 ---p 00000000 00:00 0 
2b241a114000-2b241a212000 rw-p 00000000 00:00 0                          [stack:10829]
2b241a212000-2b241a215000 ---p 00000000 00:00 0 
2b241a215000-2b241a313000 rw-p 00000000 00:00 0                          [stack:10830]
2b241a313000-2b241aa16000 r--p 00000000 fc:00 28580391                   /usr/lib/locale/locale-archive
2b241aa16000-2b241aa19000 ---p 00000000 00:00 0 
2b241aa19000-2b241ab17000 rw-p 00000000 00:00 0                          [stack:10831]
2b241ab17000-2b241ab1a000 ---p 00000000 00:00 0 
2b241ab1a000-2b241ac18000 rw-p 00000000 00:00 0                          [stack:10832]
2b241ac18000-2b241ac1b000 ---p 00000000 00:00 0 
2b241ac1b000-2b241ad19000 rw-p 00000000 00:00 0                          [stack:10833]
2b241ad19000-2b241ad1c000 ---p 00000000 00:00 0 
2b241ad1c000-2b241ae1a000 rw-p 00000000 00:00 0                          [stack:10834]
2b241ae1a000-2b241ae1d000 ---p 00000000 00:00 0 
2b241ae1d000-2b241af1b000 rw-p 00000000 00:00 0                          [stack:10835]
2b241af1b000-2b241af1e000 ---p 00000000 00:00 0 
2b241af1e000-2b241b01c000 rw-p 00000000 00:00 0                          [stack:10836]
2b241b01c000-2b241b01f000 ---p 00000000 00:00 0 
2b241b01f000-2b241b11d000 rw-p 00000000 00:00 0                          [stack:10837]
2b241b11d000-2b241b120000 ---p 00000000 00:00 0 
2b241b120000-2b241b21e000 rw-p 00000000 00:00 0                          [stack:10838]
2b241b21e000-2b241b221000 ---p 00000000 00:00 0 
2b241b221000-2b241b31f000 rw-p 00000000 00:00 0                          [stack:10839]
2b241b31f000-2b241b322000 ---p 00000000 00:00 0 
2b241b322000-2b241b420000 rw-p 00000000 00:00 0                          [stack:10840]
2b241b420000-2b241b423000 ---p 00000000 00:00 0 
2b241b423000-2b241b521000 rw-p 00000000 00:00 0                          [stack:10841]
2b241b521000-2b241b524000 ---p 00000000 00:00 0 
2b241b524000-2b241b622000 rw-p 00000000 00:00 0                          [stack:10842]
2b241b622000-2b241b625000 ---p 00000000 00:00 0 
2b241b625000-2b241b723000 rw-p 00000000 00:00 0                          [stack:10843]
2b241b723000-2b241b726000 ---p 00000000 00:00 0 
2b241b726000-2b241b824000 rw-p 00000000 00:00 0                          [stack:10844]
2b241b824000-2b241b825000 ---p 00000000 00:00 0 
2b241b825000-2b241b925000 rw-p 00000000 00:00 0                          [stack:10845]
2b241b925000-2b241b934000 r-xp 00000000 fc:00 4855795                    /opt/intel/composer_xe_2013_sp1.3.174/debugger/gui/intel64/plugins/org.eclipse.equinox.launcher.gtk.linux.x86_64_1.1.100.v20110505/eclipse_1407.so
2b241b934000-2b241ba33000 ---p 0000f000 fc:00 4855795                    /opt/intel/composer_xe_2013_sp1.3.174/debugger/gui/intel64/plugins/org.eclipse.equinox.launcher.gtk.linux.x86_64_1.1.100.v20110505/eclipse_1407.so
2b241ba33000-2b241ba35000 rw-p 0000e000 fc:00 4855795                    /opt/intel/composer_xe_2013_sp1.3.174/debugger/gui/intel64/plugins/org.eclipse.equinox.launcher.gtk.linux.x86_64_1.1.100.v20110505/eclipse_1407.so
2b241ba35000-2b241ba84000 r-xp 00000000 fc:00 28575616                   /usr/lib/x86_64-linux-gnu/libgobject-2.0.so.0.4002.0
2b241ba84000-2b241bc84000 ---p 0004f000 fc:00 28575616                   /usr/lib/x86_64-linux-gnu/libgobject-2.0.so.0.4002.0
2b241bc84000-2b241bc85000 r--p 0004f000 fc:00 28575616                   /usr/lib/x86_64-linux-gnu/libgobject-2.0.so.0.4002.0
2b241bc85000-2b241bc86000 rw-p 00050000 fc:00 28575616                   /usr/lib/x86_64-linux-gnu/libgobject-2.0.so.0.4002.0
2b241bc86000-2b241bd8c000 r-xp 00000000 fc:00 20447409                   /lib/x86_64-linux-gnu/libglib-2.0.so.0.4002.0
2b241bd8c000-2b241bf8b000 ---p 00106000 fc:00 20447409                   /lib/x86_64-linux-gnu/libglib-2.0.so.0.4002.0
2b241bf8b000-2b241bf8c000 r--p 00105000 fc:00 20447409                   /lib/x86_64-linux-gnu/libglib-2.0.so.0.4002.0
2b241bf8c000-2b241bf8d000 rw-p 00106000 fc:00 20447409                   /lib/x86_64-linux-gnu/libglib-2.0.so.0.4002.0
2b241bf8d000-2b241bf8e000 rw-p 00000000 00:00 0 
2b241c000000-2b241c021000 rw-p 00000000 00:00 0 
2b241c021000-2b2420000000 ---p 00000000 00:00 0 
2b2420000000-2b2420021000 rw-p 00000000 00:00 0 
2b2420021000-2b2424000000 ---p 00000000 00:00 0 
2b2424000000-2b2424021000 rw-p 00000000 00:00 0 
2b2424021000-2b2428000000 ---p 00000000 00:00 0 
2b2428000000-2b2428021000 rw-p 00000000 00:00 0 
2b2428021000-2b242c000000 ---p 00000000 00:00 0 
2b242c000000-2b242c08e000 rw-p 00000000 00:00 0 
2b242c08e000-2b2430000000 ---p 00000000 00:00 0 
2b2430000000-2b24300af000 rw-p 00000000 00:00 0 
2b24300af000-2b2434000000 ---p 00000000 00:00 0 
2b2434000000-2b2434021000 rw-p 00000000 00:00 0 
2b2434021000-2b2438000000 ---p 00000000 00:00 0 
2b2438000000-2b2438021000 rw-p 00000000 00:00 0 
2b2438021000-2b243c000000 ---p 00000000 00:00 0 
2b243c000000-2b243c021000 rw-p 00000000 00:00 0 
2b243c021000-2b2440000000 ---p 00000000 00:00 0 
2b2440000000-2b2440021000 rw-p 00000000 00:00 0 
2b2440021000-2b2444000000 ---p 00000000 00:00 0 
2b2444000000-2b2444021000 rw-p 00000000 00:00 0 
2b2444021000-2b2448000000 ---p 00000000 00:00 0 
2b2448000000-2b2448021000 rw-p 00000000 00:00 0 
2b2448021000-2b244c000000 ---p 00000000 00:00 0 
2b244c000000-2b244c038000 rw-p 00000000 00:00 0 
2b244c038000-2b2450000000 ---p 00000000 00:00 0 
2b2450000000-2b2450075000 rw-p 00000000 00:00 0 
2b2450075000-2b2454000000 ---p 00000000 00:00 0 
2b2454000000-2b2454036000 rw-p 00000000 00:00 0 
2b2454036000-2b2458000000 ---p 00000000 00:00 0 
2b2458000000-2b245806f000 rw-p 00000000 00:00 0 
2b245806f000-2b245c000000 ---p 00000000 00:00 0 
2b245c000000-2b245c021000 rw-p 00000000 00:00 0 
2b245c021000-2b2460000000 ---p 00000000 00:00 0 
2b2460000000-2b2460021000 rw-p 00000000 00:00 0 
2b2460021000-2b2464000000 ---p 00000000 00:00 0 
2b2464000000-2b2464007000 r-xp 00000000 fc:00 28574996                   /usr/lib/x86_64-linux-gnu/libffi.so.6.0.1
2b2464007000-2b2464206000 ---p 00007000 fc:00 28574996                   /usr/lib/x86_64-linux-gnu/libffi.so.6.0.1
2b2464206000-2b2464207000 r--p 00006000 fc:00 28574996                   /usr/lib/x86_64-linux-gnu/libffi.so.6.0.1
2b2464207000-2b2464208000 rw-p 00007000 fc:00 28574996                   /usr/lib/x86_64-linux-gnu/libffi.so.6.0.1
2b2464208000-2b2464245000 r-xp 00000000 fc:00 20447538                   /lib/x86_64-linux-gnu/libpcre.so.3.13.1
2b2464245000-2b2464444000 ---p 0003d000 fc:00 20447538                   /lib/x86_64-linux-gnu/libpcre.so.3.13.1
2b2464444000-2b2464445000 r--p 0003c000 fc:00 20447538                   /lib/x86_64-linux-gnu/libpcre.so.3.13.1
2b2464445000-2b2464446000 rw-p 0003d000 fc:00 20447538                   /lib/x86_64-linux-gnu/libpcre.so.3.13.1
2b2464446000-2b24644f3000 r-xp 00000000 fc:00 28573744                   /usr/lib/x86_64-linux-gnu/libgdk-x11-2.0.so.0.2400.23
2b24644f3000-2b24646f3000 ---p 000ad000 fc:00 28573744                   /usr/lib/x86_64-linux-gnu/libgdk-x11-2.0.so.0.2400.23
2b24646f3000-2b24646f7000 r--p 000ad000 fc:00 28573744                   /usr/lib/x86_64-linux-gnu/libgdk-x11-2.0.so.0.2400.23
2b24646f7000-2b24646f9000 rw-p 000b1000 fc:00 28573744                   /usr/lib/x86_64-linux-gnu/libgdk-x11-2.0.so.0.2400.23
2b24646f9000-2b2464704000 r-xp 00000000 fc:00 28575543                   /usr/lib/x86_64-linux-gnu/libpangocairo-1.0.so.0.3600.3
2b2464704000-2b2464904000 ---p 0000b000 fc:00 28575543                   /usr/lib/x86_64-linux-gnu/libpangocairo-1.0.so.0.3600.3
2b2464904000-2b2464905000 r--p 0000b000 fc:00 28575543                   /usr/lib/x86_64-linux-gnu/libpangocairo-1.0.so.0.3600.3
2b2464905000-2b2464906000 rw-p 0000c000 fc:00 28575543                   /usr/lib/x86_64-linux-gnu/libpangocairo-1.0.so.0.3600.3
2b2464906000-2b2464950000 r-xp 00000000 fc:00 28575545                   /usr/lib/x86_64-linux-gnu/libpango-1.0.so.0.3600.3
2b2464950000-2b2464b50000 ---p 0004a000 fc:00 28575545                   /usr/lib/x86_64-linux-gnu/libpango-1.0.so.0.3600.3
2b2464b50000-2b2464b52000 r--p 0004a000 fc:00 28575545                   /usr/lib/x86_64-linux-gnu/libpango-1.0.so.0.3600.3
2b2464b52000-2b2464b53000 rw-p 0004c000 fc:00 28575545                   /usr/lib/x86_64-linux-gnu/libpango-1.0.so.0.3600.3
2b2464b53000-2b2464b73000 r-xp 00000000 fc:00 28573825                   /usr/lib/x86_64-linux-gnu/libgdk_pixbuf-2.0.so.0.3000.7
2b2464b73000-2b2464d72000 ---p 00020000 fc:00 28573825                   /usr/lib/x86_64-linux-gnu/libgdk_pixbuf-2.0.so.0.3000.7
2b2464d72000-2b2464d73000 r--p 0001f000 fc:00 28573825                   /usr/lib/x86_64-linux-gnu/libgdk_pixbuf-2.0.so.0.3000.7
2b2464d73000-2b2464d74000 rw-p 00020000 fc:00 28573825                   /usr/lib/x86_64-linux-gnu/libgdk_pixbuf-2.0.so.0.3000.7
2b2464d74000-2b2464ee0000 r-xp 00000000 fc:00 28575614                   /usr/lib/x86_64-linux-gnu/libgio-2.0.so.0.4002.0
2b2464ee0000-2b24650e0000 ---p 0016c000 fc:00 28575614                   /usr/lib/x86_64-linux-gnu/libgio-2.0.so.0.4002.0
2b24650e0000-2b24650e4000 r--p 0016c000 fc:00 28575614                   /usr/lib/x86_64-linux-gnu/libgio-2.0.so.0.4002.0
2b24650e4000-2b24650e6000 rw-p 00170000 fc:00 28575614                   /usr/lib/x86_64-linux-gnu/libgio-2.0.so.0.4002.0
2b24650e6000-2b24650e8000 rw-p 00000000 00:00 0 
2b24650e8000-2b2465122000 r-xp 00000000 fc:00 28576669                   /usr/lib/x86_64-linux-gnu/libfontconfig.so.1.8.0
2b2465122000-2b2465321000 ---p 0003a000 fc:00 28576669                   /usr/lib/x86_64-linux-gnu/libfontconfig.so.1.8.0
2b2465321000-2b2465323000 r--p 00039000 fc:00 28576669                   /usr/lib/x86_64-linux-gnu/libfontconfig.so.1.8.0
2b2465323000-2b2465324000 rw-p 0003b000 fc:00 28576669                   /usr/lib/x86_64-linux-gnu/libfontconfig.so.1.8.0
2b2465324000-2b246532d000 r-xp 00000000 fc:00 28580243                   /usr/lib/x86_64-linux-gnu/libXrender.so.1.3.0
2b246532d000-2b246552c000 ---p 00009000 fc:00 28580243                   /usr/lib/x86_64-linux-gnu/libXrender.so.1.3.0
2b246552c000-2b246552d000 r--p 00008000 fc:00 28580243                   /usr/lib/x86_64-linux-gnu/libXrender.so.1.3.0
2b246552d000-2b246552e000 rw-p 00009000 fc:00 28580243                   /usr/lib/x86_64-linux-gnu/libXrender.so.1.3.0
2b246552e000-2b2465530000 r-xp 00000000 fc:00 28581368                   /usr/lib/x86_64-linux-gnu/libXinerama.so.1.0.0
2b2465530000-2b246572f000 ---p 00002000 fc:00 28581368                   /usr/lib/x86_64-linux-gnu/libXinerama.so.1.0.0
2b246572f000-2b2465730000 r--p 00001000 fc:00 28581368                   /usr/lib/x86_64-linux-gnu/libXinerama.so.1.0.0
2b2465730000-2b2465731000 rw-p 00002000 fc:00 28581368                   /usr/lib/x86_64-linux-gnu/libXinerama.so.1.0.0
2b2465731000-2b2465740000 r-xp 00000000 fc:00 28580237                   /usr/lib/x86_64-linux-gnu/libXi.so.6.1.0
2b2465740000-2b246593f000 ---p 0000f000 fc:00 28580237                   /usr/lib/x86_64-linux-gnu/libXi.so.6.1.0
2b246593f000-2b2465940000 r--p 0000e000 fc:00 28580237                   /usr/lib/x86_64-linux-gnu/libXi.so.6.1.0
2b2465940000-2b2465941000 rw-p 0000f000 fc:00 28580237                   /usr/lib/x86_64-linux-gnu/libXi.so.6.1.0
2b2465941000-2b246594a000 r-xp 00000000 fc:00 28575669                   /usr/lib/x86_64-linux-gnu/libXrandr.so.2.2.0
2b246594a000-2b2465b49000 ---p 00009000 fc:00 28575669                   /usr/lib/x86_64-linux-gnu/libXrandr.so.2.2.0
2b2465b49000-2b2465b4a000 r--p 00008000 fc:00 28575669                   /usr/lib/x86_64-linux-gnu/libXrandr.so.2.2.0
2b2465b4a000-2b2465b4b000 rw-p 00009000 fc:00 28575669                   /usr/lib/x86_64-linux-gnu/libXrandr.so.2.2.0
2b2465b4b000-2b2465b54000 r-xp 00000000 fc:00 28578858                   /usr/lib/x86_64-linux-gnu/libXcursor.so.1.0.2
2b2465b54000-2b2465d53000 ---p 00009000 fc:00 28578858                   /usr/lib/x86_64-linux-gnu/libXcursor.so.1.0.2
2b2465d53000-2b2465d54000 r--p 00008000 fc:00 28578858                   /usr/lib/x86_64-linux-gnu/libXcursor.so.1.0.2
2b2465d54000-2b2465d55000 rw-p 00009000 fc:00 28578858                   /usr/lib/x86_64-linux-gnu/libXcursor.so.1.0.2
2b2465d55000-2b2465d57000 r-xp 00000000 fc:00 28581350                   /usr/lib/x86_64-linux-gnu/libXcomposite.so.1.0.0
2b2465d57000-2b2465f56000 ---p 00002000 fc:00 28581350                   /usr/lib/x86_64-linux-gnu/libXcomposite.so.1.0.0
2b2465f56000-2b2465f57000 r--p 00001000 fc:00 28581350                   /usr/lib/x86_64-linux-gnu/libXcomposite.so.1.0.0
2b2465f57000-2b2465f58000 rw-p 00002000 fc:00 28581350                   /usr/lib/x86_64-linux-gnu/libXcomposite.so.1.0.0
2b2465f58000-2b2465f5a000 r-xp 00000000 fc:00 28581354                   /usr/lib/x86_64-linux-gnu/libXdamage.so.1.1.0
2b2465f5a000-2b2466159000 ---p 00002000 fc:00 28581354                   /usr/lib/x86_64-linux-gnu/libXdamage.so.1.1.0
2b2466159000-2b246615a000 r--p 00001000 fc:00 28581354                   /usr/lib/x86_64-linux-gnu/libXdamage.so.1.1.0
2b246615a000-2b246615b000 rw-p 00002000 fc:00 28581354                   /usr/lib/x86_64-linux-gnu/libXdamage.so.1.1.0
2b246615b000-2b2466160000 r-xp 00000000 fc:00 28580235                   /usr/lib/x86_64-linux-gnu/libXfixes.so.3.1.0
2b2466160000-2b246635f000 ---p 00005000 fc:00 28580235                   /usr/lib/x86_64-linux-gnu/libXfixes.so.3.1.0
2b246635f000-2b2466360000 r--p 00004000 fc:00 28580235                   /usr/lib/x86_64-linux-gnu/libXfixes.so.3.1.0
2b2466360000-2b2466361000 rw-p 00005000 fc:00 28580235                   /usr/lib/x86_64-linux-gnu/libXfixes.so.3.1.0
2b2466361000-2b2466467000 r-xp 00000000 fc:00 28576109                   /usr/lib/x86_64-linux-gnu/libcairo.so.2.11301.0
2b2466467000-2b2466666000 ---p 00106000 fc:00 28576109                   /usr/lib/x86_64-linux-gnu/libcairo.so.2.11301.0
2b2466666000-2b2466669000 r--p 00105000 fc:00 28576109                   /usr/lib/x86_64-linux-gnu/libcairo.so.2.11301.0
2b2466669000-2b246666a000 rw-p 00108000 fc:00 28576109                   /usr/lib/x86_64-linux-gnu/libcairo.so.2.11301.0
2b246666a000-2b246666c000 rw-p 00000000 00:00 0 
2b246666c000-2b246679c000 r-xp 00000000 fc:00 28576270                   /usr/lib/x86_64-linux-gnu/libX11.so.6.3.0
2b246679c000-2b246699c000 ---p 00130000 fc:00 28576270                   /usr/lib/x86_64-linux-gnu/libX11.so.6.3.0
2b246699c000-2b246699d000 r--p 00130000 fc:00 28576270                   /usr/lib/x86_64-linux-gnu/libX11.so.6.3.0
2b246699d000-2b24669a1000 rw-p 00131000 fc:00 28576270                   /usr/lib/x86_64-linux-gnu/libX11.so.6.3.0
2b24669a1000-2b24669b2000 r-xp 00000000 fc:00 28580233                   /usr/lib/x86_64-linux-gnu/libXext.so.6.4.0
2b24669b2000-2b2466bb1000 ---p 00011000 fc:00 28580233                   /usr/lib/x86_64-linux-gnu/libXext.so.6.4.0
2b2466bb1000-2b2466bb2000 r--p 00010000 fc:00 28580233                   /usr/lib/x86_64-linux-gnu/libXext.so.6.4.0
2b2466bb2000-2b2466bb3000 rw-p 00011000 fc:00 28580233                   /usr/lib/x86_64-linux-gnu/libXext.so.6.4.0
2b2466bb3000-2b2466bc7000 r-xp 00000000 fc:00 28575547                   /usr/lib/x86_64-linux-gnu/libpangoft2-1.0.so.0.3600.3
2b2466bc7000-2b2466dc6000 ---p 00014000 fc:00 28575547                   /usr/lib/x86_64-linux-gnu/libpangoft2-1.0.so.0.3600.3
2b2466dc6000-2b2466dc7000 r--p 00013000 fc:00 28575547                   /usr/lib/x86_64-linux-gnu/libpangoft2-1.0.so.0.3600.3
2b2466dc7000-2b2466dc8000 rw-p 00014000 fc:00 28575547                   /usr/lib/x86_64-linux-gnu/libpangoft2-1.0.so.0.3600.3
2b2466dc8000-2b2466e65000 r-xp 00000000 fc:00 28574183                   /usr/lib/x86_64-linux-gnu/libfreetype.so.6.11.1
2b2466e65000-2b2467064000 ---p 0009d000 fc:00 28574183                   /usr/lib/x86_64-linux-gnu/libfreetype.so.6.11.1
2b2467064000-2b246706a000 r--p 0009c000 fc:00 28574183                   /usr/lib/x86_64-linux-gnu/libfreetype.so.6.11.1
2b246706a000-2b246706b000 rw-p 000a2000 fc:00 28574183                   /usr/lib/x86_64-linux-gnu/libfreetype.so.6.11.1
2b246706b000-2b246706e000 r-xp 00000000 fc:00 28575615                   /usr/lib/x86_64-linux-gnu/libgmodule-2.0.so.0.4002.0
2b246706e000-2b246726d000 ---p 00003000 fc:00 28575615                   /usr/lib/x86_64-linux-gnu/libgmodule-2.0.so.0.4002.0
2b246726d000-2b246726e000 r--p 00002000 fc:00 28575615                   /usr/lib/x86_64-linux-gnu/libgmodule-2.0.so.0.4002.0
2b246726e000-2b246726f000 rw-p 00003000 fc:00 28575615                   /usr/lib/x86_64-linux-gnu/libgmodule-2.0.so.0.4002.0
2b246726f000-2b2467277000 r-xp 00000000 fc:00 28582273                   /usr/lib/x86_64-linux-gnu/libthai.so.0.2.0
2b2467277000-2b2467476000 ---p 00008000 fc:00 28582273                   /usr/lib/x86_64-linux-gnu/libthai.so.0.2.0
2b2467476000-2b2467477000 r--p 00007000 fc:00 28582273                   /usr/lib/x86_64-linux-gnu/libthai.so.0.2.0
2b2467477000-2b2467478000 rw-p 00008000 fc:00 28582273                   /usr/lib/x86_64-linux-gnu/libthai.so.0.2.0
2b2467478000-2b2467490000 r-xp 00000000 fc:00 20447449                   /lib/x86_64-linux-gnu/libz.so.1.2.8
2b2467490000-2b246768f000 ---p 00018000 fc:00 20447449                   /lib/x86_64-linux-gnu/libz.so.1.2.8
2b246768f000-2b2467690000 r--p 00017000 fc:00 20447449                   /lib/x86_64-linux-gnu/libz.so.1.2.8
2b2467690000-2b2467691000 rw-p 00018000 fc:00 20447449                   /lib/x86_64-linux-gnu/libz.so.1.2.8
2b2467691000-2b24676b1000 r-xp 00000000 fc:00 20451327                   /lib/x86_64-linux-gnu/libselinux.so.1
2b24676b1000-2b24678b0000 ---p 00020000 fc:00 20451327                   /lib/x86_64-linux-gnu/libselinux.so.1
2b24678b0000-2b24678b1000 r--p 0001f000 fc:00 20451327                   /lib/x86_64-linux-gnu/libselinux.so.1
2b24678b1000-2b24678b2000 rw-p 00020000 fc:00 20451327                   /lib/x86_64-linux-gnu/libselinux.so.1
2b24678b2000-2b24678b4000 rw-p 00000000 00:00 0 
2b24678b4000-2b24678cb000 r-xp 00000000 fc:00 20447626                   /lib/x86_64-linux-gnu/libresolv-2.19.so
2b24678cb000-2b2467acb000 ---p 00017000 fc:00 20447626                   /lib/x86_64-linux-gnu/libresolv-2.19.so
2b2467acb000-2b2467acc000 r--p 00017000 fc:00 20447626                   /lib/x86_64-linux-gnu/libresolv-2.19.so
2b2467acc000-2b2467acd000 rw-p 00018000 fc:00 20447626                   /lib/x86_64-linux-gnu/libresolv-2.19.so
2b2467acd000-2b2467acf000 rw-p 00000000 00:00 0 
2b2467acf000-2b2467af6000 r-xp 00000000 fc:00 20447533                   /lib/x86_64-linux-gnu/libexpat.so.1.6.0
2b2467af6000-2b2467cf6000 ---p 00027000 fc:00 20447533                   /lib/x86_64-linux-gnu/libexpat.so.1.6.0
2b2467cf6000-2b2467cf8000 r--p 00027000 fc:00 20447533                   /lib/x86_64-linux-gnu/libexpat.so.1.6.0
2b2467cf8000-2b2467cf9000 rw-p 00029000 fc:00 20447533                   /lib/x86_64-linux-gnu/libexpat.so.1.6.0
2b2467cf9000-2b2467d99000 r-xp 00000000 fc:00 28578860                   /usr/lib/x86_64-linux-gnu/libpixman-1.so.0.30.2
2b2467d99000-2b2467f99000 ---p 000a0000 fc:00 28578860                   /usr/lib/x86_64-linux-gnu/libpixman-1.so.0.30.2
2b2467f99000-2b2467fa0000 r--p 000a0000 fc:00 28578860                   /usr/lib/x86_64-linux-gnu/libpixman-1.so.0.30.2
2b2467fa0000-2b2467fa1000 rw-p 000a7000 fc:00 28578860                   /usr/lib/x86_64-linux-gnu/libpixman-1.so.0.30.2
2b2467fa1000-2b2467fc6000 r-xp 00000000 fc:00 20447511                   /lib/x86_64-linux-gnu/libpng12.so.0.50.0
2b2467fc6000-2b24681c5000 ---p 00025000 fc:00 20447511                   /lib/x86_64-linux-gnu/libpng12.so.0.50.0
2b24681c5000-2b24681c6000 r--p 00024000 fc:00 20447511                   /lib/x86_64-linux-gnu/libpng12.so.0.50.0
2b24681c6000-2b24681c7000 rw-p 00025000 fc:00 20447511                   /lib/x86_64-linux-gnu/libpng12.so.0.50.0
2b24681c7000-2b24681c9000 r-xp 00000000 fc:00 28582405                   /usr/lib/x86_64-linux-gnu/libxcb-shm.so.0.0.0
2b24681c9000-2b24683c8000 ---p 00002000 fc:00 28582405                   /usr/lib/x86_64-linux-gnu/libxcb-shm.so.0.0.0
2b24683c8000-2b24683c9000 r--p 00001000 fc:00 28582405                   /usr/lib/x86_64-linux-gnu/libxcb-shm.so.0.0.0
2b24683c9000-2b24683ca000 rw-p 00002000 fc:00 28582405                   /usr/lib/x86_64-linux-gnu/libxcb-shm.so.0.0.0
2b24683ca000-2b24683d2000 r-xp 00000000 fc:00 28582401                   /usr/lib/x86_64-linux-gnu/libxcb-render.so.0.0.0
2b24683d2000-2b24685d1000 ---p 00008000 fc:00 28582401                   /usr/lib/x86_64-linux-gnu/libxcb-render.so.0.0.0
2b24685d1000-2b24685d2000 r--p 00007000 fc:00 28582401                   /usr/lib/x86_64-linux-gnu/libxcb-render.so.0.0.0
2b24685d2000-2b24685d3000 rw-p 00008000 fc:00 28582401                   /usr/lib/x86_64-linux-gnu/libxcb-render.so.0.0.0
2b24685d3000-2b24685f0000 r-xp 00000000 fc:00 28582415                   /usr/lib/x86_64-linux-gnu/libxcb.so.1.1.0
2b24685f0000-2b24687f0000 ---p 0001d000 fc:00 28582415                   /usr/lib/x86_64-linux-gnu/libxcb.so.1.1.0
2b24687f0000-2b24687f1000 r--p 0001d000 fc:00 28582415                   /usr/lib/x86_64-linux-gnu/libxcb.so.1.1.0
2b24687f1000-2b24687f2000 rw-p 0001e000 fc:00 28582415                   /usr/lib/x86_64-linux-gnu/libxcb.so.1.1.0
2b24687f2000-2b2468845000 r-xp 00000000 fc:00 28574685                   /usr/lib/x86_64-linux-gnu/libharfbuzz.so.0.927.0
2b2468845000-2b2468a45000 ---p 00053000 fc:00 28574685                   /usr/lib/x86_64-linux-gnu/libharfbuzz.so.0.927.0
2b2468a45000-2b2468a46000 r--p 00053000 fc:00 28574685                   /usr/lib/x86_64-linux-gnu/libharfbuzz.so.0.927.0
2b2468a46000-2b2468a47000 rw-p 00054000 fc:00 28574685                   /usr/lib/x86_64-linux-gnu/libharfbuzz.so.0.927.0
2b2468a47000-2b2468a4d000 r-xp 00000000 fc:00 28581548                   /usr/lib/x86_64-linux-gnu/libdatrie.so.1.3.1
2b2468a4d000-2b2468c4c000 ---p 00006000 fc:00 28581548                   /usr/lib/x86_64-linux-gnu/libdatrie.so.1.3.1
2b2468c4c000-2b2468c4d000 r--p 00005000 fc:00 28581548                   /usr/lib/x86_64-linux-gnu/libdatrie.so.1.3.1
2b2468c4d000-2b2468c4e000 rw-p 00006000 fc:00 28581548                   /usr/lib/x86_64-linux-gnu/libdatrie.so.1.3.1
2b2468c4e000-2b2468c50000 r-xp 00000000 fc:00 28581345                   /usr/lib/x86_64-linux-gnu/libXau.so.6.0.0
2b2468c50000-2b2468e50000 ---p 00002000 fc:00 28581345                   /usr/lib/x86_64-linux-gnu/libXau.so.6.0.0
2b2468e50000-2b2468e51000 r--p 00002000 fc:00 28581345                   /usr/lib/x86_64-linux-gnu/libXau.so.6.0.0
2b2468e51000-2b2468e52000 rw-p 00003000 fc:00 28581345                   /usr/lib/x86_64-linux-gnu/libXau.so.6.0.0
2b2468e52000-2b2468e57000 r-xp 00000000 fc:00 28581356                   /usr/lib/x86_64-linux-gnu/libXdmcp.so.6.0.0
2b2468e57000-2b2469056000 ---p 00005000 fc:00 28581356                   /usr/lib/x86_64-linux-gnu/libXdmcp.so.6.0.0
2b2469056000-2b2469057000 r--p 00004000 fc:00 28581356                   /usr/lib/x86_64-linux-gnu/libXdmcp.so.6.0.0
2b2469057000-2b2469058000 rw-p 00005000 fc:00 28581356                   /usr/lib/x86_64-linux-gnu/libXdmcp.so.6.0.0
2b2469058000-2b246907c000 r-xp 00000000 fc:00 28575985                   /usr/lib/x86_64-linux-gnu/libgraphite2.so.3.0.1
2b246907c000-2b246927c000 ---p 00024000 fc:00 28575985                   /usr/lib/x86_64-linux-gnu/libgraphite2.so.3.0.1
2b246927c000-2b246927e000 r--p 00024000 fc:00 28575985                   /usr/lib/x86_64-linux-gnu/libgraphite2.so.3.0.1
2b246927e000-2b246927f000 rw-p 00026000 fc:00 28575985                   /usr/lib/x86_64-linux-gnu/libgraphite2.so.3.0.1
2b246927f000-2b24696af000 r-xp 00000000 fc:00 28573933                   /usr/lib/x86_64-linux-gnu/libgtk-x11-2.0.so.0.2400.23
2b24696af000-2b24698ae000 ---p 00430000 fc:00 28573933                   /usr/lib/x86_64-linux-gnu/libgtk-x11-2.0.so.0.2400.23
2b24698ae000-2b24698b5000 r--p 0042f000 fc:00 28573933                   /usr/lib/x86_64-linux-gnu/libgtk-x11-2.0.so.0.2400.23
2b24698b5000-2b24698b9000 rw-p 00436000 fc:00 28573933                   /usr/lib/x86_64-linux-gnu/libgtk-x11-2.0.so.0.2400.23
2b24698b9000-2b24698bc000 rw-p 00000000 00:00 0 
2b24698bc000-2b24698db000 r-xp 00000000 fc:00 28581437                   /usr/lib/x86_64-linux-gnu/libatk-1.0.so.0.21009.1
2b24698db000-2b2469adb000 ---p 0001f000 fc:00 28581437                   /usr/lib/x86_64-linux-gnu/libatk-1.0.so.0.21009.1
2b2469adb000-2b2469add000 r--p 0001f000 fc:00 28581437                   /usr/lib/x86_64-linux-gnu/libatk-1.0.so.0.21009.1
2b2469add000-2b2469ade000 rw-p 00021000 fc:00 28581437                   /usr/lib/x86_64-linux-gnu/libatk-1.0.so.0.21009.1
2b2469ade000-2b2469ae1000 r-xp 00000000 fc:00 28968266                   /usr/lib/x86_64-linux-gnu/gdk-pixbuf-2.0/2.10.0/loaders/libpixbufloader-bmp.so
2b2469ae1000-2b2469ce1000 ---p 00003000 fc:00 28968266                   /usr/lib/x86_64-linux-gnu/gdk-pixbuf-2.0/2.10.0/loaders/libpixbufloader-bmp.so
2b2469ce1000-2b2469ce2000 r--p 00003000 fc:00 28968266                   /usr/lib/x86_64-linux-gnu/gdk-pixbuf-2.0/2.10.0/loaders/libpixbufloader-bmp.so
2b2469ce2000-2b2469ce3000 rw-p 00004000 fc:00 28968266                   /usr/lib/x86_64-linux-gnu/gdk-pixbuf-2.0/2.10.0/loaders/libpixbufloader-bmp.so
7ffe840a8000-7ffe840ca000 rw-p 00000000 00:00 0                          [stack]
7ffe84154000-7ffe84156000 r-xp 00000000 00:00 0                          [vdso]
ffffffffff600000-ffffffffff601000 r-xp 00000000 00:00 0                  [vsyscall]

VM Arguments:
java_command: /opt/intel/composer_xe_2013_sp1.3.174/debugger/gui/intel64/plugins/org.eclipse.equinox.launcher_1.2.0.v20110502.jar -showsplash -gui -native -tty /dev/tty phon_int
java_class_path (initial): /opt/intel/composer_xe_2013_sp1.3.174/debugger/gui/intel64/plugins/org.eclipse.equinox.launcher_1.2.0.v20110502.jar
Launcher Type: SUN_STANDARD

Environment Variables:
JAVA_HOME=/usr/lib/jvm/java-8-oracle
PATH=/opt/intel/composer_xe_2013_sp1.3.174/bin/intel64:/opt/intel/composer_xe_2013_sp1.3.174/debugger/gui/intel64:/home/knapp/local/bin:/home/knapp/lsu3shell-code/bin:/home/knapp/lsu3shell-code/programs/tools:/opt/intel/composer_xe_2013_sp1.3.174/bin/intel64:/opt/intel/composer_xe_2013_sp1.3.174/bin/intel64_mic:/opt/intel/composer_xe_2013_sp1.3.174/debugger/gui/intel64:/opt/intel/composer_xe_2013_sp1.3.174/bin/intel64:/opt/intel/composer_xe_2013_sp1.3.174/mpirt/bin/intel64:/opt/intel/composer_xe_2013_sp1.3.174/debugger/gdb/intel64_mic/py27/bin:/opt/intel/composer_xe_2013_sp1.3.174/debugger/gdb/intel64/py27/bin:/opt/intel/composer_xe_2013_sp1.3.174/bin/intel64:/opt/intel/composer_xe_2013_sp1.3.174/bin/intel64_mic:/opt/intel/composer_xe_2013_sp1.3.174/debugger/gui/intel64:/usr/local/sbin:/usr/local/bin:/usr/sbin:/usr/bin:/sbin:/bin:/usr/games:/usr/local/games:/usr/lib/jvm/java-8-oracle/bin:/usr/lib/jvm/java-8-oracle/db/bin:/usr/lib/jvm/java-8-oracle/jre/bin
LD_LIBRARY_PATH=/opt/intel/composer_xe_2013_sp1.3.174/bin/intel64:/opt/intel/composer_xe_2013_sp1.3.174/debugger/lib/intel64:/opt/intel/composer_xe_2013_sp1.3.174/debugger/gui/intel64:/opt/intel/composer_xe_2013_sp1.3.174/compiler/lib/intel64:/opt/intel/composer_xe_2013_sp1.3.174/mpirt/lib/intel64:/opt/intel/composer_xe_2013_sp1.3.174/ipp/../compiler/lib/intel64:/opt/intel/composer_xe_2013_sp1.3.174/ipp/lib/intel64:/opt/intel/composer_xe_2013_sp1.3.174/compiler/lib/intel64:/opt/intel/composer_xe_2013_sp1.3.174/mkl/lib/intel64:/opt/intel/composer_xe_2013_sp1.3.174/tbb/lib/intel64/gcc4.1
SHELL=/bin/bash
DISPLAY=localhost:10.0

Signal Handlers:
SIGSEGV: [libjvm.so+0xad3e60], sa_mask[0]=11111111011111111101111111111110, sa_flags=SA_RESTART|SA_SIGINFO
SIGBUS: [libjvm.so+0xad3e60], sa_mask[0]=11111111011111111101111111111110, sa_flags=SA_RESTART|SA_SIGINFO
SIGFPE: [libjvm.so+0x90b880], sa_mask[0]=11111111011111111101111111111110, sa_flags=SA_RESTART|SA_SIGINFO
SIGPIPE: SIG_IGN, sa_mask[0]=00000000000010000000000000000000, sa_flags=SA_RESTART
SIGXFSZ: [libjvm.so+0x90b880], sa_mask[0]=11111111011111111101111111111110, sa_flags=SA_RESTART|SA_SIGINFO
SIGILL: [libjvm.so+0x90b880], sa_mask[0]=11111111011111111101111111111110, sa_flags=SA_RESTART|SA_SIGINFO
SIGUSR1: SIG_DFL, sa_mask[0]=00000000000000000000000000000000, sa_flags=none
SIGUSR2: [libjvm.so+0x90b750], sa_mask[0]=00000000000000000000000000000000, sa_flags=SA_RESTART|SA_SIGINFO
SIGHUP: [libjvm.so+0x90bd70], sa_mask[0]=11111111011111111101111111111110, sa_flags=SA_RESTART|SA_SIGINFO
SIGINT: SIG_IGN, sa_mask[0]=00000000000000000000000000000000, sa_flags=none
SIGTERM: [libjvm.so+0x90bd70], sa_mask[0]=11111111011111111101111111111110, sa_flags=SA_RESTART|SA_SIGINFO
SIGQUIT: [libjvm.so+0x90bd70], sa_mask[0]=11111111011111111101111111111110, sa_flags=SA_RESTART|SA_SIGINFO


---------------  S Y S T E M  ---------------

OS:DISTRIB_ID=Ubuntu
DISTRIB_RELEASE=14.04
DISTRIB_CODENAME=trusty
DISTRIB_DESCRIPTION="Ubuntu 14.04.6 LTS"

uname:Linux 3.13.0-76-generic #120-Ubuntu SMP Mon Jan 18 15:59:10 UTC 2016 x86_64
libc:glibc 2.19 NPTL 2.19 
rlimit: STACK infinity, CORE 0k, NPROC 2062829, NOFILE 4096, AS infinity
load average:1.96 2.66 8.61

/proc/meminfo:
MemTotal:       264130252 kB
MemFree:        40178304 kB
Buffers:          381356 kB
Cached:         96800148 kB
SwapCached:        63576 kB
Active:         163662740 kB
Inactive:       56655892 kB
Active(anon):   115407772 kB
Inactive(anon):  7729660 kB
Active(file):   48254968 kB
Inactive(file): 48926232 kB
Unevictable:          32 kB
Mlocked:              32 kB
SwapTotal:      10485756 kB
SwapFree:            132 kB
Dirty:               316 kB
Writeback:             0 kB
AnonPages:      123090004 kB
Mapped:            64608 kB
Shmem:               336 kB
Slab:            1729312 kB
SReclaimable:    1624136 kB
SUnreclaim:       105176 kB
KernelStack:        5360 kB
PageTables:       285568 kB
NFS_Unstable:          0 kB
Bounce:                0 kB
WritebackTmp:          0 kB
CommitLimit:    142550880 kB
Committed_AS:   137999468 kB
VmallocTotal:   34359738367 kB
VmallocUsed:      730312 kB
VmallocChunk:   34222548228 kB
HardwareCorrupted:     0 kB
AnonHugePages:  108140544 kB
HugePages_Total:       0
HugePages_Free:        0
HugePages_Rsvd:        0
HugePages_Surp:        0
Hugepagesize:       2048 kB
DirectMap4k:      177024 kB
DirectMap2M:     6086656 kB
DirectMap1G:    264241152 kB


CPU:total 24 (initial active 24) (6 cores per cpu, 2 threads per core) family 6 model 62 stepping 4, cmov, cx8, fxsr, mmx, sse, sse2, sse3, ssse3, sse4.1, sse4.2, popcnt, avx, aes, clmul, erms, ht, tsc, tscinvbit

/proc/cpuinfo:
processor	: 0
vendor_id	: GenuineIntel
cpu family	: 6
model		: 62
model name	: Intel(R) Xeon(R) CPU E5-2630 v2 @ 2.60GHz
stepping	: 4
microcode	: 0x416
cpu MHz		: 1200.000
cache size	: 15360 KB
physical id	: 0
siblings	: 12
core id		: 0
cpu cores	: 6
apicid		: 0
initial apicid	: 0
fpu		: yes
fpu_exception	: yes
cpuid level	: 13
wp		: yes
flags		: fpu vme de pse tsc msr pae mce cx8 apic sep mtrr pge mca cmov pat pse36 clflush dts acpi mmx fxsr sse sse2 ss ht tm pbe syscall nx pdpe1gb rdtscp lm constant_tsc arch_perfmon pebs bts rep_good nopl xtopology nonstop_tsc aperfmperf eagerfpu pni pclmulqdq dtes64 monitor ds_cpl vmx smx est tm2 ssse3 cx16 xtpr pdcm pcid dca sse4_1 sse4_2 x2apic popcnt tsc_deadline_timer aes xsave avx f16c rdrand lahf_lm ida arat epb xsaveopt pln pts dtherm tpr_shadow vnmi flexpriority ept vpid fsgsbase smep erms
bogomips	: 5199.59
clflush size	: 64
cache_alignment	: 64
address sizes	: 46 bits physical, 48 bits virtual
power management:

processor	: 1
vendor_id	: GenuineIntel
cpu family	: 6
model		: 62
model name	: Intel(R) Xeon(R) CPU E5-2630 v2 @ 2.60GHz
stepping	: 4
microcode	: 0x416
cpu MHz		: 1200.000
cache size	: 15360 KB
physical id	: 0
siblings	: 12
core id		: 1
cpu cores	: 6
apicid		: 2
initial apicid	: 2
fpu		: yes
fpu_exception	: yes
cpuid level	: 13
wp		: yes
flags		: fpu vme de pse tsc msr pae mce cx8 apic sep mtrr pge mca cmov pat pse36 clflush dts acpi mmx fxsr sse sse2 ss ht tm pbe syscall nx pdpe1gb rdtscp lm constant_tsc arch_perfmon pebs bts rep_good nopl xtopology nonstop_tsc aperfmperf eagerfpu pni pclmulqdq dtes64 monitor ds_cpl vmx smx est tm2 ssse3 cx16 xtpr pdcm pcid dca sse4_1 sse4_2 x2apic popcnt tsc_deadline_timer aes xsave avx f16c rdrand lahf_lm ida arat epb xsaveopt pln pts dtherm tpr_shadow vnmi flexpriority ept vpid fsgsbase smep erms
bogomips	: 5199.59
clflush size	: 64
cache_alignment	: 64
address sizes	: 46 bits physical, 48 bits virtual
power management:

processor	: 2
vendor_id	: GenuineIntel
cpu family	: 6
model		: 62
model name	: Intel(R) Xeon(R) CPU E5-2630 v2 @ 2.60GHz
stepping	: 4
microcode	: 0x416
cpu MHz		: 2300.000
cache size	: 15360 KB
physical id	: 0
siblings	: 12
core id		: 2
cpu cores	: 6
apicid		: 4
initial apicid	: 4
fpu		: yes
fpu_exception	: yes
cpuid level	: 13
wp		: yes
flags		: fpu vme de pse tsc msr pae mce cx8 apic sep mtrr pge mca cmov pat pse36 clflush dts acpi mmx fxsr sse sse2 ss ht tm pbe syscall nx pdpe1gb rdtscp lm constant_tsc arch_perfmon pebs bts rep_good nopl xtopology nonstop_tsc aperfmperf eagerfpu pni pclmulqdq dtes64 monitor ds_cpl vmx smx est tm2 ssse3 cx16 xtpr pdcm pcid dca sse4_1 sse4_2 x2apic popcnt tsc_deadline_timer aes xsave avx f16c rdrand lahf_lm ida arat epb xsaveopt pln pts dtherm tpr_shadow vnmi flexpriority ept vpid fsgsbase smep erms
bogomips	: 5199.59
clflush size	: 64
cache_alignment	: 64
address sizes	: 46 bits physical, 48 bits virtual
power management:

processor	: 3
vendor_id	: GenuineIntel
cpu family	: 6
model		: 62
model name	: Intel(R) Xeon(R) CPU E5-2630 v2 @ 2.60GHz
stepping	: 4
microcode	: 0x416
cpu MHz		: 1200.000
cache size	: 15360 KB
physical id	: 0
siblings	: 12
core id		: 3
cpu cores	: 6
apicid		: 6
initial apicid	: 6
fpu		: yes
fpu_exception	: yes
cpuid level	: 13
wp		: yes
flags		: fpu vme de pse tsc msr pae mce cx8 apic sep mtrr pge mca cmov pat pse36 clflush dts acpi mmx fxsr sse sse2 ss ht tm pbe syscall nx pdpe1gb rdtscp lm constant_tsc arch_perfmon pebs bts rep_good nopl xtopology nonstop_tsc aperfmperf eagerfpu pni pclmulqdq dtes64 monitor ds_cpl vmx smx est tm2 ssse3 cx16 xtpr pdcm pcid dca sse4_1 sse4_2 x2apic popcnt tsc_deadline_timer aes xsave avx f16c rdrand lahf_lm ida arat epb xsaveopt pln pts dtherm tpr_shadow vnmi flexpriority ept vpid fsgsbase smep erms
bogomips	: 5199.59
clflush size	: 64
cache_alignment	: 64
address sizes	: 46 bits physical, 48 bits virtual
power management:

processor	: 4
vendor_id	: GenuineIntel
cpu family	: 6
model		: 62
model name	: Intel(R) Xeon(R) CPU E5-2630 v2 @ 2.60GHz
stepping	: 4
microcode	: 0x416
cpu MHz		: 1200.000
cache size	: 15360 KB
physical id	: 0
siblings	: 12
core id		: 4
cpu cores	: 6
apicid		: 8
initial apicid	: 8
fpu		: yes
fpu_exception	: yes
cpuid level	: 13
wp		: yes
flags		: fpu vme de pse tsc msr pae mce cx8 apic sep mtrr pge mca cmov pat pse36 clflush dts acpi mmx fxsr sse sse2 ss ht tm pbe syscall nx pdpe1gb rdtscp lm constant_tsc arch_perfmon pebs bts rep_good nopl xtopology nonstop_tsc aperfmperf eagerfpu pni pclmulqdq dtes64 monitor ds_cpl vmx smx est tm2 ssse3 cx16 xtpr pdcm pcid dca sse4_1 sse4_2 x2apic popcnt tsc_deadline_timer aes xsave avx f16c rdrand lahf_lm ida arat epb xsaveopt pln pts dtherm tpr_shadow vnmi flexpriority ept vpid fsgsbase smep erms
bogomips	: 5199.59
clflush size	: 64
cache_alignment	: 64
address sizes	: 46 bits physical, 48 bits virtual
power management:

processor	: 5
vendor_id	: GenuineIntel
cpu family	: 6
model		: 62
model name	: Intel(R) Xeon(R) CPU E5-2630 v2 @ 2.60GHz
stepping	: 4
microcode	: 0x416
cpu MHz		: 2601.000
cache size	: 15360 KB
physical id	: 0
siblings	: 12
core id		: 5
cpu cores	: 6
apicid		: 10
initial apicid	: 10
fpu		: yes
fpu_exception	: yes
cpuid level	: 13
wp		: yes
flags		: fpu vme de pse tsc msr pae mce cx8 apic sep mtrr pge mca cmov pat pse36 clflush dts acpi mmx fxsr sse sse2 ss ht tm pbe syscall nx pdpe1gb rdtscp lm constant_tsc arch_perfmon pebs bts rep_good nopl xtopology nonstop_tsc aperfmperf eagerfpu pni pclmulqdq dtes64 monitor ds_cpl vmx smx est tm2 ssse3 cx16 xtpr pdcm pcid dca sse4_1 sse4_2 x2apic popcnt tsc_deadline_timer aes xsave avx f16c rdrand lahf_lm ida arat epb xsaveopt pln pts dtherm tpr_shadow vnmi flexpriority ept vpid fsgsbase smep erms
bogomips	: 5199.59
clflush size	: 64
cache_alignment	: 64
address sizes	: 46 bits physical, 48 bits virtual
power management:

processor	: 6
vendor_id	: GenuineIntel
cpu family	: 6
model		: 62
model name	: Intel(R) Xeon(R) CPU E5-2630 v2 @ 2.60GHz
stepping	: 4
microcode	: 0x416
cpu MHz		: 2601.000
cache size	: 15360 KB
physical id	: 1
siblings	: 12
core id		: 0
cpu cores	: 6
apicid		: 32
initial apicid	: 32
fpu		: yes
fpu_exception	: yes
cpuid level	: 13
wp		: yes
flags		: fpu vme de pse tsc msr pae mce cx8 apic sep mtrr pge mca cmov pat pse36 clflush dts acpi mmx fxsr sse sse2 ss ht tm pbe syscall nx pdpe1gb rdtscp lm constant_tsc arch_perfmon pebs bts rep_good nopl xtopology nonstop_tsc aperfmperf eagerfpu pni pclmulqdq dtes64 monitor ds_cpl vmx smx est tm2 ssse3 cx16 xtpr pdcm pcid dca sse4_1 sse4_2 x2apic popcnt tsc_deadline_timer aes xsave avx f16c rdrand lahf_lm ida arat epb xsaveopt pln pts dtherm tpr_shadow vnmi flexpriority ept vpid fsgsbase smep erms
bogomips	: 5201.08
clflush size	: 64
cache_alignment	: 64
address sizes	: 46 bits physical, 48 bits virtual
power management:

processor	: 7
vendor_id	: GenuineIntel
cpu family	: 6
model		: 62
model name	: Intel(R) Xeon(R) CPU E5-2630 v2 @ 2.60GHz
stepping	: 4
microcode	: 0x416
cpu MHz		: 1200.000
cache size	: 15360 KB
physical id	: 1
siblings	: 12
core id		: 1
cpu cores	: 6
apicid		: 34
initial apicid	: 34
fpu		: yes
fpu_exception	: yes
cpuid level	: 13
wp		: yes
flags		: fpu vme de pse tsc msr pae mce cx8 apic sep mtrr pge mca cmov pat pse36 clflush dts acpi mmx fxsr sse sse2 ss ht tm pbe syscall nx pdpe1gb rdtscp lm constant_tsc arch_perfmon pebs bts rep_good nopl xtopology nonstop_tsc aperfmperf eagerfpu pni pclmulqdq dtes64 monitor ds_cpl vmx smx est tm2 ssse3 cx16 xtpr pdcm pcid dca sse4_1 sse4_2 x2apic popcnt tsc_deadline_timer aes xsave avx f16c rdrand lahf_lm ida arat epb xsaveopt pln pts dtherm tpr_shadow vnmi flexpriority ept vpid fsgsbase smep erms
bogomips	: 5201.08
clflush size	: 64
cache_alignment	: 64
address sizes	: 46 bits physical, 48 bits virtual
power management:

processor	: 8
vendor_id	: GenuineIntel
cpu family	: 6
model		: 62
model name	: Intel(R) Xeon(R) CPU E5-2630 v2 @ 2.60GHz
stepping	: 4
microcode	: 0x416
cpu MHz		: 1200.000
cache size	: 15360 KB
physical id	: 1
siblings	: 12
core id		: 2
cpu cores	: 6
apicid		: 36
initial apicid	: 36
fpu		: yes
fpu_exception	: yes
cpuid level	: 13
wp		: yes
flags		: fpu vme de pse tsc msr pae mce cx8 apic sep mtrr pge mca cmov pat pse36 clflush dts acpi mmx fxsr sse sse2 ss ht tm pbe syscall nx pdpe1gb rdtscp lm constant_tsc arch_perfmon pebs bts rep_good nopl xtopology nonstop_tsc aperfmperf eagerfpu pni pclmulqdq dtes64 monitor ds_cpl vmx smx est tm2 ssse3 cx16 xtpr pdcm pcid dca sse4_1 sse4_2 x2apic popcnt tsc_deadline_timer aes xsave avx f16c rdrand lahf_lm ida arat epb xsaveopt pln pts dtherm tpr_shadow vnmi flexpriority ept vpid fsgsbase smep erms
bogomips	: 5201.08
clflush size	: 64
cache_alignment	: 64
address sizes	: 46 bits physical, 48 bits virtual
power management:

processor	: 9
vendor_id	: GenuineIntel
cpu family	: 6
model		: 62
model name	: Intel(R) Xeon(R) CPU E5-2630 v2 @ 2.60GHz
stepping	: 4
microcode	: 0x416
cpu MHz		: 1200.000
cache size	: 15360 KB
physical id	: 1
siblings	: 12
core id		: 3
cpu cores	: 6
apicid		: 38
initial apicid	: 38
fpu		: yes
fpu_exception	: yes
cpuid level	: 13
wp		: yes
flags		: fpu vme de pse tsc msr pae mce cx8 apic sep mtrr pge mca cmov pat pse36 clflush dts acpi mmx fxsr sse sse2 ss ht tm pbe syscall nx pdpe1gb rdtscp lm constant_tsc arch_perfmon pebs bts rep_good nopl xtopology nonstop_tsc aperfmperf eagerfpu pni pclmulqdq dtes64 monitor ds_cpl vmx smx est tm2 ssse3 cx16 xtpr pdcm pcid dca sse4_1 sse4_2 x2apic popcnt tsc_deadline_timer aes xsave avx f16c rdrand lahf_lm ida arat epb xsaveopt pln pts dtherm tpr_shadow vnmi flexpriority ept vpid fsgsbase smep erms
bogomips	: 5201.08
clflush size	: 64
cache_alignment	: 64
address sizes	: 46 bits physical, 48 bits virtual
power management:

processor	: 10
vendor_id	: GenuineIntel
cpu family	: 6
model		: 62
model name	: Intel(R) Xeon(R) CPU E5-2630 v2 @ 2.60GHz
stepping	: 4
microcode	: 0x416
cpu MHz		: 1200.000
cache size	: 15360 KB
physical id	: 1
siblings	: 12
core id		: 4
cpu cores	: 6
apicid		: 40
initial apicid	: 40
fpu		: yes
fpu_exception	: yes
cpuid level	: 13
wp		: yes
flags		: fpu vme de pse tsc msr pae mce cx8 apic sep mtrr pge mca cmov pat pse36 clflush dts acpi mmx fxsr sse sse2 ss ht tm pbe syscall nx pdpe1gb rdtscp lm constant_tsc arch_perfmon pebs bts rep_good nopl xtopology nonstop_tsc aperfmperf eagerfpu pni pclmulqdq dtes64 monitor ds_cpl vmx smx est tm2 ssse3 cx16 xtpr pdcm pcid dca sse4_1 sse4_2 x2apic popcnt tsc_deadline_timer aes xsave avx f16c rdrand lahf_lm ida arat epb xsaveopt pln pts dtherm tpr_shadow vnmi flexpriority ept vpid fsgsbase smep erms
bogomips	: 5201.08
clflush size	: 64
cache_alignment	: 64
address sizes	: 46 bits physical, 48 bits virtual
power management:

processor	: 11
vendor_id	: GenuineIntel
cpu family	: 6
model		: 62
model name	: Intel(R) Xeon(R) CPU E5-2630 v2 @ 2.60GHz
stepping	: 4
microcode	: 0x416
cpu MHz		: 1200.000
cache size	: 15360 KB
physical id	: 1
siblings	: 12
core id		: 5
cpu cores	: 6
apicid		: 42
initial apicid	: 42
fpu		: yes
fpu_exception	: yes
cpuid level	: 13
wp		: yes
flags		: fpu vme de pse tsc msr pae mce cx8 apic sep mtrr pge mca cmov pat pse36 clflush dts acpi mmx fxsr sse sse2 ss ht tm pbe syscall nx pdpe1gb rdtscp lm constant_tsc arch_perfmon pebs bts rep_good nopl xtopology nonstop_tsc aperfmperf eagerfpu pni pclmulqdq dtes64 monitor ds_cpl vmx smx est tm2 ssse3 cx16 xtpr pdcm pcid dca sse4_1 sse4_2 x2apic popcnt tsc_deadline_timer aes xsave avx f16c rdrand lahf_lm ida arat epb xsaveopt pln pts dtherm tpr_shadow vnmi flexpriority ept vpid fsgsbase smep erms
bogomips	: 5201.08
clflush size	: 64
cache_alignment	: 64
address sizes	: 46 bits physical, 48 bits virtual
power management:

processor	: 12
vendor_id	: GenuineIntel
cpu family	: 6
model		: 62
model name	: Intel(R) Xeon(R) CPU E5-2630 v2 @ 2.60GHz
stepping	: 4
microcode	: 0x416
cpu MHz		: 1200.000
cache size	: 15360 KB
physical id	: 0
siblings	: 12
core id		: 0
cpu cores	: 6
apicid		: 1
initial apicid	: 1
fpu		: yes
fpu_exception	: yes
cpuid level	: 13
wp		: yes
flags		: fpu vme de pse tsc msr pae mce cx8 apic sep mtrr pge mca cmov pat pse36 clflush dts acpi mmx fxsr sse sse2 ss ht tm pbe syscall nx pdpe1gb rdtscp lm constant_tsc arch_perfmon pebs bts rep_good nopl xtopology nonstop_tsc aperfmperf eagerfpu pni pclmulqdq dtes64 monitor ds_cpl vmx smx est tm2 ssse3 cx16 xtpr pdcm pcid dca sse4_1 sse4_2 x2apic popcnt tsc_deadline_timer aes xsave avx f16c rdrand lahf_lm ida arat epb xsaveopt pln pts dtherm tpr_shadow vnmi flexpriority ept vpid fsgsbase smep erms
bogomips	: 5199.59
clflush size	: 64
cache_alignment	: 64
address sizes	: 46 bits physical, 48 bits virtual
power management:

processor	: 13
vendor_id	: GenuineIntel
cpu family	: 6
model		: 62
model name	: Intel(R) Xeon(R) CPU E5-2630 v2 @ 2.60GHz
stepping	: 4
microcode	: 0x416
cpu MHz		: 1600.000
cache size	: 15360 KB
physical id	: 0
siblings	: 12
core id		: 1
cpu cores	: 6
apicid		: 3
initial apicid	: 3
fpu		: yes
fpu_exception	: yes
cpuid level	: 13
wp		: yes
flags		: fpu vme de pse tsc msr pae mce cx8 apic sep mtrr pge mca cmov pat pse36 clflush dts acpi mmx fxsr sse sse2 ss ht tm pbe syscall nx pdpe1gb rdtscp lm constant_tsc arch_perfmon pebs bts rep_good nopl xtopology nonstop_tsc aperfmperf eagerfpu pni pclmulqdq dtes64 monitor ds_cpl vmx smx est tm2 ssse3 cx16 xtpr pdcm pcid dca sse4_1 sse4_2 x2apic popcnt tsc_deadline_timer aes xsave avx f16c rdrand lahf_lm ida arat epb xsaveopt pln pts dtherm tpr_shadow vnmi flexpriority ept vpid fsgsbase smep erms
bogomips	: 5199.59
clflush size	: 64
cache_alignment	: 64
address sizes	: 46 bits physical, 48 bits virtual
power management:

processor	: 14
vendor_id	: GenuineIntel
cpu family	: 6
model		: 62
model name	: Intel(R) Xeon(R) CPU E5-2630 v2 @ 2.60GHz
stepping	: 4
microcode	: 0x416
cpu MHz		: 1600.000
cache size	: 15360 KB
physical id	: 0
siblings	: 12
core id		: 2
cpu cores	: 6
apicid		: 5
initial apicid	: 5
fpu		: yes
fpu_exception	: yes
cpuid level	: 13
wp		: yes
flags		: fpu vme de pse tsc msr pae mce cx8 apic sep mtrr pge mca cmov pat pse36 clflush dts acpi mmx fxsr sse sse2 ss ht tm pbe syscall nx pdpe1gb rdtscp lm constant_tsc arch_perfmon pebs bts rep_good nopl xtopology nonstop_tsc aperfmperf eagerfpu pni pclmulqdq dtes64 monitor ds_cpl vmx smx est tm2 ssse3 cx16 xtpr pdcm pcid dca sse4_1 sse4_2 x2apic popcnt tsc_deadline_timer aes xsave avx f16c rdrand lahf_lm ida arat epb xsaveopt pln pts dtherm tpr_shadow vnmi flexpriority ept vpid fsgsbase smep erms
bogomips	: 5199.59
clflush size	: 64
cache_alignment	: 64
address sizes	: 46 bits physical, 48 bits virtual
power management:

processor	: 15
vendor_id	: GenuineIntel
cpu family	: 6
model		: 62
model name	: Intel(R) Xeon(R) CPU E5-2630 v2 @ 2.60GHz
stepping	: 4
microcode	: 0x416
cpu MHz		: 1200.000
cache size	: 15360 KB
physical id	: 0
siblings	: 12
core id		: 3
cpu cores	: 6
apicid		: 7
initial apicid	: 7
fpu		: yes
fpu_exception	: yes
cpuid level	: 13
wp		: yes
flags		: fpu vme de pse tsc msr pae mce cx8 apic sep mtrr pge mca cmov pat pse36 clflush dts acpi mmx fxsr sse sse2 ss ht tm pbe syscall nx pdpe1gb rdtscp lm constant_tsc arch_perfmon pebs bts rep_good nopl xtopology nonstop_tsc aperfmperf eagerfpu pni pclmulqdq dtes64 monitor ds_cpl vmx smx est tm2 ssse3 cx16 xtpr pdcm pcid dca sse4_1 sse4_2 x2apic popcnt tsc_deadline_timer aes xsave avx f16c rdrand lahf_lm ida arat epb xsaveopt pln pts dtherm tpr_shadow vnmi flexpriority ept vpid fsgsbase smep erms
bogomips	: 5199.59
clflush size	: 64
cache_alignment	: 64
address sizes	: 46 bits physical, 48 bits virtual
power management:

processor	: 16
vendor_id	: GenuineIntel
cpu family	: 6
model		: 62
model name	: Intel(R) Xeon(R) CPU E5-2630 v2 @ 2.60GHz
stepping	: 4
microcode	: 0x416
cpu MHz		: 1200.000
cache size	: 15360 KB
physical id	: 0
siblings	: 12
core id		: 4
cpu cores	: 6
apicid		: 9
initial apicid	: 9
fpu		: yes
fpu_exception	: yes
cpuid level	: 13
wp		: yes
flags		: fpu vme de pse tsc msr pae mce cx8 apic sep mtrr pge mca cmov pat pse36 clflush dts acpi mmx fxsr sse sse2 ss ht tm pbe syscall nx pdpe1gb rdtscp lm constant_tsc arch_perfmon pebs bts rep_good nopl xtopology nonstop_tsc aperfmperf eagerfpu pni pclmulqdq dtes64 monitor ds_cpl vmx smx est tm2 ssse3 cx16 xtpr pdcm pcid dca sse4_1 sse4_2 x2apic popcnt tsc_deadline_timer aes xsave avx f16c rdrand lahf_lm ida arat epb xsaveopt pln pts dtherm tpr_shadow vnmi flexpriority ept vpid fsgsbase smep erms
bogomips	: 5199.59
clflush size	: 64
cache_alignment	: 64
address sizes	: 46 bits physical, 48 bits virtual
power management:

processor	: 17
vendor_id	: GenuineIntel
cpu family	: 6
model		: 62
model name	: Intel(R) Xeon(R) CPU E5-2630 v2 @ 2.60GHz
stepping	: 4
microcode	: 0x416
cpu MHz		: 1200.000
cache size	: 15360 KB
physical id	: 0
siblings	: 12
core id		: 5
cpu cores	: 6
apicid		: 11
initial apicid	: 11
fpu		: yes
fpu_exception	: yes
cpuid level	: 13
wp		: yes
flags		: fpu vme de pse tsc msr pae mce cx8 apic sep mtrr pge mca cmov pat pse36 clflush dts acpi mmx fxsr sse sse2 ss ht tm pbe syscall nx pdpe1gb rdtscp lm constant_tsc arch_perfmon pebs bts rep_good nopl xtopology nonstop_tsc aperfmperf eagerfpu pni pclmulqdq dtes64 monitor ds_cpl vmx smx est tm2 ssse3 cx16 xtpr pdcm pcid dca sse4_1 sse4_2 x2apic popcnt tsc_deadline_timer aes xsave avx f16c rdrand lahf_lm ida arat epb xsaveopt pln pts dtherm tpr_shadow vnmi flexpriority ept vpid fsgsbase smep erms
bogomips	: 5199.59
clflush size	: 64
cache_alignment	: 64
address sizes	: 46 bits physical, 48 bits virtual
power management:

processor	: 18
vendor_id	: GenuineIntel
cpu family	: 6
model		: 62
model name	: Intel(R) Xeon(R) CPU E5-2630 v2 @ 2.60GHz
stepping	: 4
microcode	: 0x416
cpu MHz		: 1200.000
cache size	: 15360 KB
physical id	: 1
siblings	: 12
core id		: 0
cpu cores	: 6
apicid		: 33
initial apicid	: 33
fpu		: yes
fpu_exception	: yes
cpuid level	: 13
wp		: yes
flags		: fpu vme de pse tsc msr pae mce cx8 apic sep mtrr pge mca cmov pat pse36 clflush dts acpi mmx fxsr sse sse2 ss ht tm pbe syscall nx pdpe1gb rdtscp lm constant_tsc arch_perfmon pebs bts rep_good nopl xtopology nonstop_tsc aperfmperf eagerfpu pni pclmulqdq dtes64 monitor ds_cpl vmx smx est tm2 ssse3 cx16 xtpr pdcm pcid dca sse4_1 sse4_2 x2apic popcnt tsc_deadline_timer aes xsave avx f16c rdrand lahf_lm ida arat epb xsaveopt pln pts dtherm tpr_shadow vnmi flexpriority ept vpid fsgsbase smep erms
bogomips	: 5201.08
clflush size	: 64
cache_alignment	: 64
address sizes	: 46 bits physical, 48 bits virtual
power management:

processor	: 19
vendor_id	: GenuineIntel
cpu family	: 6
model		: 62
model name	: Intel(R) Xeon(R) CPU E5-2630 v2 @ 2.60GHz
stepping	: 4
microcode	: 0x416
cpu MHz		: 1200.000
cache size	: 15360 KB
physical id	: 1
siblings	: 12
core id		: 1
cpu cores	: 6
apicid		: 35
initial apicid	: 35
fpu		: yes
fpu_exception	: yes
cpuid level	: 13
wp		: yes
flags		: fpu vme de pse tsc msr pae mce cx8 apic sep mtrr pge mca cmov pat pse36 clflush dts acpi mmx fxsr sse sse2 ss ht tm pbe syscall nx pdpe1gb rdtscp lm constant_tsc arch_perfmon pebs bts rep_good nopl xtopology nonstop_tsc aperfmperf eagerfpu pni pclmulqdq dtes64 monitor ds_cpl vmx smx est tm2 ssse3 cx16 xtpr pdcm pcid dca sse4_1 sse4_2 x2apic popcnt tsc_deadline_timer aes xsave avx f16c rdrand lahf_lm ida arat epb xsaveopt pln pts dtherm tpr_shadow vnmi flexpriority ept vpid fsgsbase smep erms
bogomips	: 5201.08
clflush size	: 64
cache_alignment	: 64
address sizes	: 46 bits physical, 48 bits virtual
power management:

processor	: 20
vendor_id	: GenuineIntel
cpu family	: 6
model		: 62
model name	: Intel(R) Xeon(R) CPU E5-2630 v2 @ 2.60GHz
stepping	: 4
microcode	: 0x416
cpu MHz		: 1200.000
cache size	: 15360 KB
physical id	: 1
siblings	: 12
core id		: 2
cpu cores	: 6
apicid		: 37
initial apicid	: 37
fpu		: yes
fpu_exception	: yes
cpuid level	: 13
wp		: yes
flags		: fpu vme de pse tsc msr pae mce cx8 apic sep mtrr pge mca cmov pat pse36 clflush dts acpi mmx fxsr sse sse2 ss ht tm pbe syscall nx pdpe1gb rdtscp lm constant_tsc arch_perfmon pebs bts rep_good nopl xtopology nonstop_tsc aperfmperf eagerfpu pni pclmulqdq dtes64 monitor ds_cpl vmx smx est tm2 ssse3 cx16 xtpr pdcm pcid dca sse4_1 sse4_2 x2apic popcnt tsc_deadline_timer aes xsave avx f16c rdrand lahf_lm ida arat epb xsaveopt pln pts dtherm tpr_shadow vnmi flexpriority ept vpid fsgsbase smep erms
bogomips	: 5201.08
clflush size	: 64
cache_alignment	: 64
address sizes	: 46 bits physical, 48 bits virtual
power management:

processor	: 21
vendor_id	: GenuineIntel
cpu family	: 6
model		: 62
model name	: Intel(R) Xeon(R) CPU E5-2630 v2 @ 2.60GHz
stepping	: 4
microcode	: 0x416
cpu MHz		: 1200.000
cache size	: 15360 KB
physical id	: 1
siblings	: 12
core id		: 3
cpu cores	: 6
apicid		: 39
initial apicid	: 39
fpu		: yes
fpu_exception	: yes
cpuid level	: 13
wp		: yes
flags		: fpu vme de pse tsc msr pae mce cx8 apic sep mtrr pge mca cmov pat pse36 clflush dts acpi mmx fxsr sse sse2 ss ht tm pbe syscall nx pdpe1gb rdtscp lm constant_tsc arch_perfmon pebs bts rep_good nopl xtopology nonstop_tsc aperfmperf eagerfpu pni pclmulqdq dtes64 monitor ds_cpl vmx smx est tm2 ssse3 cx16 xtpr pdcm pcid dca sse4_1 sse4_2 x2apic popcnt tsc_deadline_timer aes xsave avx f16c rdrand lahf_lm ida arat epb xsaveopt pln pts dtherm tpr_shadow vnmi flexpriority ept vpid fsgsbase smep erms
bogomips	: 5201.08
clflush size	: 64
cache_alignment	: 64
address sizes	: 46 bits physical, 48 bits virtual
power management:

processor	: 22
vendor_id	: GenuineIntel
cpu family	: 6
model		: 62
model name	: Intel(R) Xeon(R) CPU E5-2630 v2 @ 2.60GHz
stepping	: 4
microcode	: 0x416
cpu MHz		: 1200.000
cache size	: 15360 KB
physical id	: 1
siblings	: 12
core id		: 4
cpu cores	: 6
apicid		: 41
initial apicid	: 41
fpu		: yes
fpu_exception	: yes
cpuid level	: 13
wp		: yes
flags		: fpu vme de pse tsc msr pae mce cx8 apic sep mtrr pge mca cmov pat pse36 clflush dts acpi mmx fxsr sse sse2 ss ht tm pbe syscall nx pdpe1gb rdtscp lm constant_tsc arch_perfmon pebs bts rep_good nopl xtopology nonstop_tsc aperfmperf eagerfpu pni pclmulqdq dtes64 monitor ds_cpl vmx smx est tm2 ssse3 cx16 xtpr pdcm pcid dca sse4_1 sse4_2 x2apic popcnt tsc_deadline_timer aes xsave avx f16c rdrand lahf_lm ida arat epb xsaveopt pln pts dtherm tpr_shadow vnmi flexpriority ept vpid fsgsbase smep erms
bogomips	: 5201.08
clflush size	: 64
cache_alignment	: 64
address sizes	: 46 bits physical, 48 bits virtual
power management:

processor	: 23
vendor_id	: GenuineIntel
cpu family	: 6
model		: 62
model name	: Intel(R) Xeon(R) CPU E5-2630 v2 @ 2.60GHz
stepping	: 4
microcode	: 0x416
cpu MHz		: 1200.000
cache size	: 15360 KB
physical id	: 1
siblings	: 12
core id		: 5
cpu cores	: 6
apicid		: 43
initial apicid	: 43
fpu		: yes
fpu_exception	: yes
cpuid level	: 13
wp		: yes
flags		: fpu vme de pse tsc msr pae mce cx8 apic sep mtrr pge mca cmov pat pse36 clflush dts acpi mmx fxsr sse sse2 ss ht tm pbe syscall nx pdpe1gb rdtscp lm constant_tsc arch_perfmon pebs bts rep_good nopl xtopology nonstop_tsc aperfmperf eagerfpu pni pclmulqdq dtes64 monitor ds_cpl vmx smx est tm2 ssse3 cx16 xtpr pdcm pcid dca sse4_1 sse4_2 x2apic popcnt tsc_deadline_timer aes xsave avx f16c rdrand lahf_lm ida arat epb xsaveopt pln pts dtherm tpr_shadow vnmi flexpriority ept vpid fsgsbase smep erms
bogomips	: 5201.08
clflush size	: 64
cache_alignment	: 64
address sizes	: 46 bits physical, 48 bits virtual
power management:



Memory: 4k page, physical 264130252k(40177808k free), swap 10485756k(132k free)

vm_info: Java HotSpot(TM) 64-Bit Server VM (25.201-b09) for linux-amd64 JRE (1.8.0_201-b09), built on Dec 15 2018 11:35:59 by "java_re" with gcc 7.3.0

time: Tue Jul 16 14:59:35 2019
timezone: CEST
elapsed time: 0 seconds (0d 0h 0m 0s)

