   Parity =           -1     J =            0
        5.5585559645        7.9651349130        8.6474307812
       11.4192820179       18.5703285912       18.9592770109
       21.6404359701       24.6998930076       36.5920122392
       38.6219632532       39.9760864994       42.3791447812
 
   Parity =           -1     J =            1
        2.6627919577        5.9042430061        7.5930114950
        8.7592104976       10.6518480651       11.7723558977
       13.2073716464       14.2158895916       14.9493502050
       15.5002330061       15.9813670694       16.2669136306
       17.2252103077       18.1777276371       18.5049877734
       20.2013254677       20.6659449756       21.6385873348
       22.5282673465       23.8910114956       25.2306829119
       26.2971033576       28.1827787930       30.8689071271
       37.4666433693       38.0287175842       38.1062872663
       39.8744285317       40.8000614478       41.5944084994
       43.2138301186       43.7202832616
 
   Parity =           -1     J =            2
        6.3630988611        8.5944215557        9.3099050402
       10.0760497443       12.4235682703       12.5534865009
       13.1481830683       13.3097721274       14.1127659213
       15.3038179539       15.7530522922       16.0279477126
       16.7766086378       17.0455553215       17.4992468322
       18.3257490750       18.9373722863       19.2863877240
       20.0542352263       20.1482190793       20.2975842682
       21.3773065322       22.5049392035       24.0736158662
       24.7268793600       26.3766238265       27.8062480193
       30.2959161958       37.5536557018       39.5651740286
       41.0458091234       43.1912272693
 
   Parity =           -1     J =            3
        6.2627306038        6.9390745876        9.2144088620
       12.4943537747       13.2995010198       15.3840568857
       16.3364862704       17.1213505318       18.2903792137
       18.8356210526       19.6392263696       19.9358005425
       20.3436685143       21.3389964381       22.5658149265
       24.0202841160       24.6282367633       26.5952068536
       27.9062729230       30.1699198104       40.4114321915
       42.4300091047       43.7560819519       46.1546990142
 
   Parity =           -1     J =            4
       13.0646068148       15.9165433312       16.9453841580
       19.4912141875       24.3080491819       26.3860169796
       27.7665241740       29.8356336162       40.1958137302
       42.3557600264       43.6752796732       46.0031597442
 
   Parity =            1     J =            0
       12.0864926369       14.3616542118       15.3730169370
       17.5687750376       20.6711751281       21.8033032475
       23.5678516290       26.1372308272       30.0230311659
       32.4718858444       35.3947187071       38.4495333408
 
   Parity =            1     J =            1
       11.9571368846       12.8077865384       13.9381531722
       14.5019926738       15.0309120122       15.7651504393
       17.4135357946       18.1727682318       19.9847557939
       20.7514010800       21.7211821394       22.4856589282
       23.0553373376       23.8787852975       25.6172518229
       26.3005525626       31.2713049085       33.5905211709
       34.6771758710       35.2786397235       37.2650634701
       37.3991198193       38.5129353374       41.1821697364
 
   Parity =            1     J =            2
       12.7805754288       14.3839319854       15.6619681484
       18.1139238712       19.8943223367       20.6357554152
       21.7792640585       22.3110165773       23.2533709848
       23.3230606989       23.8486741219       24.8473724603
       25.5277827913       26.1734327426       26.2250375582
       28.8921292435       31.3728561264       31.7490503060
       34.7341544491       35.3348509367       37.8214997926
       38.0628394605       38.9553944648       41.2017753515
       42.2265757955       44.0318965137       45.4686823965
       47.9037101744
 
   Parity =            1     J =            3
       15.6195272763       17.6941967210       18.7242685450
       20.1628534312       21.1098161587       22.2256682664
       23.0336945960       23.6077400719       25.0491665291
       25.6826413208       26.2290225517       28.7202800169
       30.6670374575       33.4550759273       34.4765916956
       37.1346609248       41.6422011997       43.7432420195
       45.2418870767       47.2875946090
 
   Parity =            1     J =            4
       15.7845307625       17.5258814123       18.6862332159
       21.2557434579       23.0515822459       25.1408600552
       26.3317786996       28.7264902691
 
   Parity =            1     J =            5
       22.9253456380       25.1522695823       26.4078702893
       28.6311030243
 
